{"meta": {"format": 3, "version": "7.15.4", "timestamp": "2026-08-23T15:57:24.794296", "branch_coverage": false, "show_contexts": false}, "files": {"app/__init__.py": {"executed_lines": [5], "summary": {"covered_lines": 1, "num_statements": 1, "percent_covered": 100.0, "percent_covered_display": "100", "missing_lines": 0, "excluded_lines": 0, "percent_statements_covered": 100.0, "percent_statements_covered_display": "100"}, "missing_lines": [], "excluded_lines": [], "functions": {"": {"executed_lines": [5], "summary": {"covered_lines": 1, "num_statements": 1, "percent_covered": 100.0, "percent_covered_display": "100", "missing_lines": 0, "excluded_lines": 0, "percent_statements_covered": 100.0, "percent_statements_covered_display": "100"}, "missing_lines": [], "excluded_lines": [], "start_line": 1}}, "classes": {"": {"executed_lines": [5], "summary": {"covered_lines": 1, "num_statements": 1, "percent_covered": 100.0, "percent_covered_display": "100", "missing_lines": 0, "excluded_lines": 0, "percent_statements_covered": 100.0, "percent_statements_covered_display": "100"}, "missing_lines": [], "excluded_lines": [], "start_line": 1}}}, "app/ai/__init__.py": {"executed_lines": [], "summary": {"covered_lines": 0, "num_statements": 0, "percent_covered": 100.0, "percent_covered_display": "100", "missing_lines": 0, "excluded_lines": 0, "percent_statements_covered": 100.0, "percent_statements_covered_display": "100"}, "missing_lines": [], "excluded_lines": [], "functions": {"": {"executed_lines": [], "summary": {"covered_lines": 0, "num_statements": 0, "percent_covered": 100.0, "percent_covered_display": "100", "missing_lines": 0, "excluded_lines": 0, "percent_statements_covered": 100.0, "percent_statements_covered_display": "100"}, "missing_lines": [], "excluded_lines": [], "start_line": 1}}, "classes": {"": {"executed_lines": [], "summary": {"covered_lines": 0, "num_statements": 0, "percent_covered": 100.0, "percent_covered_display": "100", "missing_lines": 0, "excluded_lines": 0, "percent_statements_covered": 100.0, "percent_statements_covered_display": "100"}, "missing_lines": [], "excluded_lines": [], "start_line": 1}}}, "app/ai/circuit_breaker.py": {"executed_lines": [7, 8, 9, 10, 11, 13, 16, 17, 18, 19, 22, 23, 24, 25, 26, 28, 29, 30, 31, 32, 34, 35, 36, 37, 41, 42, 43, 45, 46, 48, 49, 50, 51, 52, 53, 54, 56, 57, 58, 59, 60, 61, 62, 63, 73, 74, 76, 77, 78, 80, 81, 82, 83, 84, 85, 87, 88, 89, 100, 108, 113, 114, 115, 118, 122, 126, 127, 128, 133, 134, 135, 136, 138, 139, 140, 143], "summary": {"covered_lines": 76, "num_statements": 82, "percent_covered": 92.6829268292683, "percent_covered_display": "93", "missing_lines": 6, "excluded_lines": 0, "percent_statements_covered": 92.6829268292683, "percent_statements_covered_display": "93"}, "missing_lines": [119, 123, 129, 130, 141, 142], "excluded_lines": [], "functions": {"CircuitBreaker.state": {"executed_lines": [36, 37, 41, 42, 43], "summary": {"covered_lines": 5, "num_statements": 5, "percent_covered": 100.0, "percent_covered_display": "100", "missing_lines": 0, "excluded_lines": 0, "percent_statements_covered": 100.0, "percent_statements_covered_display": "100"}, "missing_lines": [], "excluded_lines": [], "start_line": 35}, "CircuitBreaker.is_available": {"executed_lines": [46], "summary": {"covered_lines": 1, "num_statements": 1, "percent_covered": 100.0, "percent_covered_display": "100", "missing_lines": 0, "excluded_lines": 0, "percent_statements_covered": 100.0, "percent_statements_covered_display": "100"}, "missing_lines": [], "excluded_lines": [], "start_line": 45}, "CircuitBreaker.record_success": {"executed_lines": [49, 50, 51, 52, 53, 54], "summary": {"covered_lines": 6, "num_statements": 6, "percent_covered": 100.0, "percent_covered_display": "100", "missing_lines": 0, "excluded_lines": 0, "percent_statements_covered": 100.0, "percent_statements_covered_display": "100"}, "missing_lines": [], "excluded_lines": [], "start_line": 48}, "CircuitBreaker.record_failure": {"executed_lines": [57, 58, 59, 60, 61, 62, 63, 73, 74, 76, 77, 78], "summary": {"covered_lines": 12, "num_statements": 12, "percent_covered": 100.0, "percent_covered_display": "100", "missing_lines": 0, "excluded_lines": 0, "percent_statements_covered": 100.0, "percent_statements_covered_display": "100"}, "missing_lines": [], "excluded_lines": [], "start_line": 56}, "CircuitBreaker.seconds_until_retry": {"executed_lines": [81, 82, 83, 84, 85], "summary": {"covered_lines": 5, "num_statements": 5, "percent_covered": 100.0, "percent_covered_display": "100", "missing_lines": 0, "excluded_lines": 0, "percent_statements_covered": 100.0, "percent_statements_covered_display": "100"}, "missing_lines": [], "excluded_lines": [], "start_line": 80}, "CircuitBreaker.status": {"executed_lines": [88, 89], "summary": {"covered_lines": 2, "num_statements": 2, "percent_covered": 100.0, "percent_covered_display": "100", "missing_lines": 0, "excluded_lines": 0, "percent_statements_covered": 100.0, "percent_statements_covered_display": "100"}, "missing_lines": [], "excluded_lines": [], "start_line": 87}, "get_breaker": {"executed_lines": [113, 114, 115], "summary": {"covered_lines": 3, "num_statements": 3, "percent_covered": 100.0, "percent_covered_display": "100", "missing_lines": 0, "excluded_lines": 0, "percent_statements_covered": 100.0, "percent_statements_covered_display": "100"}, "missing_lines": [], "excluded_lines": [], "start_line": 108}, "all_providers_down": {"executed_lines": [], "summary": {"covered_lines": 0, "num_statements": 1, "percent_covered": 0.0, "percent_covered_display": "0", "missing_lines": 1, "excluded_lines": 0, "percent_statements_covered": 0.0, "percent_statements_covered_display": "0"}, "missing_lines": [119], "excluded_lines": [], "start_line": 118}, "available_providers": {"executed_lines": [], "summary": {"covered_lines": 0, "num_statements": 1, "percent_covered": 0.0, "percent_covered_display": "0", "missing_lines": 1, "excluded_lines": 0, "percent_statements_covered": 0.0, "percent_statements_covered_display": "0"}, "missing_lines": [123], "excluded_lines": [], "start_line": 122}, "status_all": {"executed_lines": [127, 128], "summary": {"covered_lines": 2, "num_statements": 4, "percent_covered": 50.0, "percent_covered_display": "50", "missing_lines": 2, "excluded_lines": 0, "percent_statements_covered": 50.0, "percent_statements_covered_display": "50"}, "missing_lines": [129, 130], "excluded_lines": [], "start_line": 126}, "AllProvidersDown.__init__": {"executed_lines": [135, 136, 138, 139, 140, 143], "summary": {"covered_lines": 6, "num_statements": 8, "percent_covered": 75.0, "percent_covered_display": "75", "missing_lines": 2, "excluded_lines": 0, "percent_statements_covered": 75.0, "percent_statements_covered_display": "75"}, "missing_lines": [141, 142], "excluded_lines": [], "start_line": 134}, "": {"executed_lines": [7, 8, 9, 10, 11, 13, 16, 17, 18, 19, 22, 23, 24, 25, 26, 28, 29, 30, 31, 32, 34, 35, 45, 48, 56, 80, 87, 100, 108, 118, 122, 126, 133, 134], "summary": {"covered_lines": 34, "num_statements": 34, "percent_covered": 100.0, "percent_covered_display": "100", "missing_lines": 0, "excluded_lines": 0, "percent_statements_covered": 100.0, "percent_statements_covered_display": "100"}, "missing_lines": [], "excluded_lines": [], "start_line": 1}}, "classes": {"CBState": {"executed_lines": [], "summary": {"covered_lines": 0, "num_statements": 0, "percent_covered": 100.0, "percent_covered_display": "100", "missing_lines": 0, "excluded_lines": 0, "percent_statements_covered": 100.0, "percent_statements_covered_display": "100"}, "missing_lines": [], "excluded_lines": [], "start_line": 16}, "CircuitBreaker": {"executed_lines": [36, 37, 41, 42, 43, 46, 49, 50, 51, 52, 53, 54, 57, 58, 59, 60, 61, 62, 63, 73, 74, 76, 77, 78, 81, 82, 83, 84, 85, 88, 89], "summary": {"covered_lines": 31, "num_statements": 31, "percent_covered": 100.0, "percent_covered_display": "100", "missing_lines": 0, "excluded_lines": 0, "percent_statements_covered": 100.0, "percent_statements_covered_display": "100"}, "missing_lines": [], "excluded_lines": [], "start_line": 23}, "AllProvidersDown": {"executed_lines": [135, 136, 138, 139, 140, 143], "summary": {"covered_lines": 6, "num_statements": 8, "percent_covered": 75.0, "percent_covered_display": "75", "missing_lines": 2, "excluded_lines": 0, "percent_statements_covered": 75.0, "percent_statements_covered_display": "75"}, "missing_lines": [141, 142], "excluded_lines": [], "start_line": 133}, "": {"executed_lines": [7, 8, 9, 10, 11, 13, 16, 17, 18, 19, 22, 23, 24, 25, 26, 28, 29, 30, 31, 32, 34, 35, 45, 48, 56, 80, 87, 100, 108, 113, 114, 115, 118, 122, 126, 127, 128, 133, 134], "summary": {"covered_lines": 39, "num_statements": 43, "percent_covered": 90.69767441860465, "percent_covered_display": "91", "missing_lines": 4, "excluded_lines": 0, "percent_statements_covered": 90.69767441860465, "percent_statements_covered_display": "91"}, "missing_lines": [119, 123, 129, 130], "excluded_lines": [], "start_line": 1}}}, "app/ai/gatekeeper.py": {"executed_lines": [36, 38, 39, 40, 42, 44, 45, 47, 48, 53, 54, 57, 64, 65, 66, 68, 71, 72, 73, 74, 75, 78, 80, 81, 82, 83, 84, 85, 86, 87, 88, 89, 90, 91, 94, 102, 103, 104, 105, 107, 108, 109, 111, 112, 114, 116, 117, 138, 140, 143, 144, 149, 150, 151, 153, 154, 155], "summary": {"covered_lines": 57, "num_statements": 57, "percent_covered": 100.0, "percent_covered_display": "100", "missing_lines": 0, "excluded_lines": 0, "percent_statements_covered": 100.0, "percent_statements_covered_display": "100"}, "missing_lines": [], "excluded_lines": [], "functions": {"enabled": {"executed_lines": [64, 65, 66, 68], "summary": {"covered_lines": 4, "num_statements": 4, "percent_covered": 100.0, "percent_covered_display": "100", "missing_lines": 0, "excluded_lines": 0, "percent_statements_covered": 100.0, "percent_statements_covered_display": "100"}, "missing_lines": [], "excluded_lines": [], "start_line": 57}, "_timeout": {"executed_lines": [72, 73, 74, 75], "summary": {"covered_lines": 4, "num_statements": 4, "percent_covered": 100.0, "percent_covered_display": "100", "missing_lines": 0, "excluded_lines": 0, "percent_statements_covered": 100.0, "percent_statements_covered_display": "100"}, "missing_lines": [], "excluded_lines": [], "start_line": 71}, "_summarise": {"executed_lines": [80, 81, 82, 83, 84, 85, 86, 87, 88, 89, 90, 91], "summary": {"covered_lines": 12, "num_statements": 12, "percent_covered": 100.0, "percent_covered_display": "100", "missing_lines": 0, "excluded_lines": 0, "percent_statements_covered": 100.0, "percent_statements_covered_display": "100"}, "missing_lines": [], "excluded_lines": [], "start_line": 78}, "is_substantive": {"executed_lines": [102, 103, 104, 105, 107, 108, 109, 111, 112, 114, 116, 117, 138, 140, 143, 144, 149, 150, 151, 153, 154, 155], "summary": {"covered_lines": 22, "num_statements": 22, "percent_covered": 100.0, "percent_covered_display": "100", "missing_lines": 0, "excluded_lines": 0, "percent_statements_covered": 100.0, "percent_statements_covered_display": "100"}, "missing_lines": [], "excluded_lines": [], "start_line": 94}, "": {"executed_lines": [36, 38, 39, 40, 42, 44, 45, 47, 48, 53, 54, 57, 71, 78, 94], "summary": {"covered_lines": 15, "num_statements": 15, "percent_covered": 100.0, "percent_covered_display": "100", "missing_lines": 0, "excluded_lines": 0, "percent_statements_covered": 100.0, "percent_statements_covered_display": "100"}, "missing_lines": [], "excluded_lines": [], "start_line": 1}}, "classes": {"": {"executed_lines": [36, 38, 39, 40, 42, 44, 45, 47, 48, 53, 54, 57, 64, 65, 66, 68, 71, 72, 73, 74, 75, 78, 80, 81, 82, 83, 84, 85, 86, 87, 88, 89, 90, 91, 94, 102, 103, 104, 105, 107, 108, 109, 111, 112, 114, 116, 117, 138, 140, 143, 144, 149, 150, 151, 153, 154, 155], "summary": {"covered_lines": 57, "num_statements": 57, "percent_covered": 100.0, "percent_covered_display": "100", "missing_lines": 0, "excluded_lines": 0, "percent_statements_covered": 100.0, "percent_statements_covered_display": "100"}, "missing_lines": [], "excluded_lines": [], "start_line": 1}}}, "app/ai/guarded.py": {"executed_lines": [14, 16, 18, 19, 20, 22, 25, 43, 45, 46, 59, 62, 64, 65, 67, 73, 75, 76, 81, 98, 100, 101, 102, 115, 116, 117, 126, 127, 128, 132, 141, 144, 146, 149, 156, 158, 159, 160, 167, 168, 175], "summary": {"covered_lines": 41, "num_statements": 50, "percent_covered": 82.0, "percent_covered_display": "82", "missing_lines": 9, "excluded_lines": 0, "percent_statements_covered": 82.0, "percent_statements_covered_display": "82"}, "missing_lines": [47, 48, 49, 50, 51, 52, 71, 77, 78], "excluded_lines": [], "functions": {"safe_router_ask": {"executed_lines": [43, 45, 46], "summary": {"covered_lines": 3, "num_statements": 9, "percent_covered": 33.333333333333336, "percent_covered_display": "33", "missing_lines": 6, "excluded_lines": 0, "percent_statements_covered": 33.333333333333336, "percent_statements_covered_display": "33"}, "missing_lines": [47, 48, 49, 50, 51, 52], "excluded_lines": [], "start_line": 25}, "_alert_providers_down": {"executed_lines": [64, 65, 67, 73, 75, 76], "summary": {"covered_lines": 6, "num_statements": 9, "percent_covered": 66.66666666666667, "percent_covered_display": "67", "missing_lines": 3, "excluded_lines": 0, "percent_statements_covered": 66.66666666666667, "percent_statements_covered_display": "67"}, "missing_lines": [71, 77, 78], "excluded_lines": [], "start_line": 62}, "guarded_ask": {"executed_lines": [98, 100, 101, 102, 115, 116, 117, 126, 127, 128, 132, 141], "summary": {"covered_lines": 12, "num_statements": 12, "percent_covered": 100.0, "percent_covered_display": "100", "missing_lines": 0, "excluded_lines": 0, "percent_statements_covered": 100.0, "percent_statements_covered_display": "100"}, "missing_lines": [], "excluded_lines": [], "start_line": 81}, "is_degraded": {"executed_lines": [146], "summary": {"covered_lines": 1, "num_statements": 1, "percent_covered": 100.0, "percent_covered_display": "100", "missing_lines": 0, "excluded_lines": 0, "percent_statements_covered": 100.0, "percent_statements_covered_display": "100"}, "missing_lines": [], "excluded_lines": [], "start_line": 144}, "degraded_comment": {"executed_lines": [156, 158, 159, 160, 167, 168, 175], "summary": {"covered_lines": 7, "num_statements": 7, "percent_covered": 100.0, "percent_covered_display": "100", "missing_lines": 0, "excluded_lines": 0, "percent_statements_covered": 100.0, "percent_statements_covered_display": "100"}, "missing_lines": [], "excluded_lines": [], "start_line": 149}, "": {"executed_lines": [14, 16, 18, 19, 20, 22, 25, 59, 62, 81, 144, 149], "summary": {"covered_lines": 12, "num_statements": 12, "percent_covered": 100.0, "percent_covered_display": "100", "missing_lines": 0, "excluded_lines": 0, "percent_statements_covered": 100.0, "percent_statements_covered_display": "100"}, "missing_lines": [], "excluded_lines": [], "start_line": 1}}, "classes": {"": {"executed_lines": [14, 16, 18, 19, 20, 22, 25, 43, 45, 46, 59, 62, 64, 65, 67, 73, 75, 76, 81, 98, 100, 101, 102, 115, 116, 117, 126, 127, 128, 132, 141, 144, 146, 149, 156, 158, 159, 160, 167, 168, 175], "summary": {"covered_lines": 41, "num_statements": 50, "percent_covered": 82.0, "percent_covered_display": "82", "missing_lines": 9, "excluded_lines": 0, "percent_statements_covered": 82.0, "percent_statements_covered_display": "82"}, "missing_lines": [47, 48, 49, 50, 51, 52, 71, 77, 78], "excluded_lines": [], "start_line": 1}}}, "app/ai/hallucination.py": {"executed_lines": [27, 28, 29, 31, 34, 63, 72, 73, 74, 75, 76, 77, 79, 80, 82, 85, 101, 102, 103, 104, 107, 108, 114, 115, 122, 124, 125, 126, 127, 128, 129, 135, 136, 137, 138, 139, 140, 143, 144, 145, 146, 147, 148, 149, 150, 153, 154, 162, 164, 171, 172, 177, 180, 185, 186, 188, 189, 191, 193, 196, 198, 199, 200, 201, 202, 203, 204, 205, 206, 207, 208, 211, 214, 217, 222, 223], "summary": {"covered_lines": 76, "num_statements": 82, "percent_covered": 92.6829268292683, "percent_covered_display": "93", "missing_lines": 6, "excluded_lines": 0, "percent_statements_covered": 92.6829268292683, "percent_statements_covered_display": "93"}, "missing_lines": [132, 155, 156, 157, 158, 159], "excluded_lines": [], "functions": {"HallucinationResult.should_block": {"executed_lines": [82], "summary": {"covered_lines": 1, "num_statements": 1, "percent_covered": 100.0, "percent_covered_display": "100", "missing_lines": 0, "excluded_lines": 0, "percent_statements_covered": 100.0, "percent_statements_covered_display": "100"}, "missing_lines": [], "excluded_lines": [], "start_line": 80}, "check_response": {"executed_lines": [101, 102, 103, 104, 107, 108, 114, 115, 122, 124, 125, 126, 127, 128, 129, 135, 136, 137, 138, 139, 140, 143, 144, 145, 146, 147, 148, 149, 150, 153, 154, 162, 164, 171, 172, 177], "summary": {"covered_lines": 36, "num_statements": 42, "percent_covered": 85.71428571428571, "percent_covered_display": "86", "missing_lines": 6, "excluded_lines": 0, "percent_statements_covered": 85.71428571428571, "percent_statements_covered_display": "86"}, "missing_lines": [132, 155, 156, 157, 158, 159], "excluded_lines": [], "start_line": 85}, "add_confidence_footer": {"executed_lines": [185, 186, 188, 189, 191, 193], "summary": {"covered_lines": 6, "num_statements": 6, "percent_covered": 100.0, "percent_covered_display": "100", "missing_lines": 0, "excluded_lines": 0, "percent_statements_covered": 100.0, "percent_statements_covered_display": "100"}, "missing_lines": [], "excluded_lines": [], "start_line": 180}, "_extract_text": {"executed_lines": [198, 199, 200, 201, 202, 203, 204, 205, 206, 207, 208], "summary": {"covered_lines": 11, "num_statements": 11, "percent_covered": 100.0, "percent_covered_display": "100", "missing_lines": 0, "excluded_lines": 0, "percent_statements_covered": 100.0, "percent_statements_covered_display": "100"}, "missing_lines": [], "excluded_lines": [], "start_line": 196}, "_extract_file_refs": {"executed_lines": [214], "summary": {"covered_lines": 1, "num_statements": 1, "percent_covered": 100.0, "percent_covered_display": "100", "missing_lines": 0, "excluded_lines": 0, "percent_statements_covered": 100.0, "percent_statements_covered_display": "100"}, "missing_lines": [], "excluded_lines": [], "start_line": 211}, "_is_plausible_file": {"executed_lines": [222, 223], "summary": {"covered_lines": 2, "num_statements": 2, "percent_covered": 100.0, "percent_covered_display": "100", "missing_lines": 0, "excluded_lines": 0, "percent_statements_covered": 100.0, "percent_statements_covered_display": "100"}, "missing_lines": [], "excluded_lines": [], "start_line": 217}, "": {"executed_lines": [27, 28, 29, 31, 34, 63, 72, 73, 74, 75, 76, 77, 79, 80, 85, 180, 196, 211, 217], "summary": {"covered_lines": 19, "num_statements": 19, "percent_covered": 100.0, "percent_covered_display": "100", "missing_lines": 0, "excluded_lines": 0, "percent_statements_covered": 100.0, "percent_statements_covered_display": "100"}, "missing_lines": [], "excluded_lines": [], "start_line": 1}}, "classes": {"HallucinationResult": {"executed_lines": [82], "summary": {"covered_lines": 1, "num_statements": 1, "percent_covered": 100.0, "percent_covered_display": "100", "missing_lines": 0, "excluded_lines": 0, "percent_statements_covered": 100.0, "percent_statements_covered_display": "100"}, "missing_lines": [], "excluded_lines": [], "start_line": 73}, "": {"executed_lines": [27, 28, 29, 31, 34, 63, 72, 73, 74, 75, 76, 77, 79, 80, 85, 101, 102, 103, 104, 107, 108, 114, 115, 122, 124, 125, 126, 127, 128, 129, 135, 136, 137, 138, 139, 140, 143, 144, 145, 146, 147, 148, 149, 150, 153, 154, 162, 164, 171, 172, 177, 180, 185, 186, 188, 189, 191, 193, 196, 198, 199, 200, 201, 202, 203, 204, 205, 206, 207, 208, 211, 214, 217, 222, 223], "summary": {"covered_lines": 75, "num_statements": 81, "percent_covered": 92.5925925925926, "percent_covered_display": "93", "missing_lines": 6, "excluded_lines": 0, "percent_statements_covered": 92.5925925925926, "percent_statements_covered_display": "93"}, "missing_lines": [132, 155, 156, 157, 158, 159], "excluded_lines": [], "start_line": 1}}}, "app/ai/metrics.py": {"executed_lines": [11, 12, 14, 16, 44, 49, 50, 52, 53, 55, 57, 58, 59, 60, 66, 67, 69, 83, 86, 88, 89, 91, 92, 93, 95, 97, 98, 100, 101, 102, 104, 106, 109, 111, 112, 114, 117, 124, 125, 126, 127, 128, 129, 130, 139, 141, 142, 144, 150, 151, 153, 156], "summary": {"covered_lines": 52, "num_statements": 81, "percent_covered": 64.19753086419753, "percent_covered_display": "64", "missing_lines": 29, "excluded_lines": 0, "percent_statements_covered": 64.19753086419753, "percent_statements_covered_display": "64"}, "missing_lines": [61, 62, 63, 64, 80, 81, 105, 107, 113, 115, 131, 132, 133, 135, 136, 137, 138, 145, 158, 159, 161, 162, 163, 164, 165, 169, 170, 171, 172], "excluded_lines": [], "functions": {"get_usage_today": {"executed_lines": [49, 50, 52, 53, 55, 57, 58, 59, 60, 66, 67, 69, 83], "summary": {"covered_lines": 13, "num_statements": 19, "percent_covered": 68.42105263157895, "percent_covered_display": "68", "missing_lines": 6, "excluded_lines": 0, "percent_statements_covered": 68.42105263157895, "percent_statements_covered_display": "68"}, "missing_lines": [61, 62, 63, 64, 80, 81], "excluded_lines": [], "start_line": 44}, "format_budget_comment": {"executed_lines": [88, 89, 91, 92, 93, 95, 97, 98, 100, 101, 102, 104, 106, 109, 111, 112, 114, 117, 124, 125, 126, 127, 128, 129, 130, 139, 141, 142, 144, 150, 151, 153], "summary": {"covered_lines": 32, "num_statements": 44, "percent_covered": 72.72727272727273, "percent_covered_display": "73", "missing_lines": 12, "excluded_lines": 0, "percent_statements_covered": 72.72727272727273, "percent_statements_covered_display": "73"}, "missing_lines": [105, 107, 113, 115, 131, 132, 133, 135, 136, 137, 138, 145], "excluded_lines": [], "start_line": 86}, "record_call": {"executed_lines": [], "summary": {"covered_lines": 0, "num_statements": 11, "percent_covered": 0.0, "percent_covered_display": "0", "missing_lines": 11, "excluded_lines": 0, "percent_statements_covered": 0.0, "percent_statements_covered_display": "0"}, "missing_lines": [158, 159, 161, 162, 163, 164, 165, 169, 170, 171, 172], "excluded_lines": [], "start_line": 156}, "": {"executed_lines": [11, 12, 14, 16, 44, 86, 156], "summary": {"covered_lines": 7, "num_statements": 7, "percent_covered": 100.0, "percent_covered_display": "100", "missing_lines": 0, "excluded_lines": 0, "percent_statements_covered": 100.0, "percent_statements_covered_display": "100"}, "missing_lines": [], "excluded_lines": [], "start_line": 1}}, "classes": {"": {"executed_lines": [11, 12, 14, 16, 44, 49, 50, 52, 53, 55, 57, 58, 59, 60, 66, 67, 69, 83, 86, 88, 89, 91, 92, 93, 95, 97, 98, 100, 101, 102, 104, 106, 109, 111, 112, 114, 117, 124, 125, 126, 127, 128, 129, 130, 139, 141, 142, 144, 150, 151, 153, 156], "summary": {"covered_lines": 52, "num_statements": 81, "percent_covered": 64.19753086419753, "percent_covered_display": "64", "missing_lines": 29, "excluded_lines": 0, "percent_statements_covered": 64.19753086419753, "percent_statements_covered_display": "64"}, "missing_lines": [61, 62, 63, 64, 80, 81, 105, 107, 113, 115, 131, 132, 133, 135, 136, 137, 138, 145, 158, 159, 161, 162, 163, 164, 165, 169, 170, 171, 172], "excluded_lines": [], "start_line": 1}}}, "app/ai/providers/__init__.py": {"executed_lines": [], "summary": {"covered_lines": 0, "num_statements": 0, "percent_covered": 100.0, "percent_covered_display": "100", "missing_lines": 0, "excluded_lines": 0, "percent_statements_covered": 100.0, "percent_statements_covered_display": "100"}, "missing_lines": [], "excluded_lines": [], "functions": {"": {"executed_lines": [], "summary": {"covered_lines": 0, "num_statements": 0, "percent_covered": 100.0, "percent_covered_display": "100", "missing_lines": 0, "excluded_lines": 0, "percent_statements_covered": 100.0, "percent_statements_covered_display": "100"}, "missing_lines": [], "excluded_lines": [], "start_line": 1}}, "classes": {"": {"executed_lines": [], "summary": {"covered_lines": 0, "num_statements": 0, "percent_covered": 100.0, "percent_covered_display": "100", "missing_lines": 0, "excluded_lines": 0, "percent_statements_covered": 100.0, "percent_statements_covered_display": "100"}, "missing_lines": [], "excluded_lines": [], "start_line": 1}}}, "app/ai/providers/base.py": {"executed_lines": [14, 15, 16, 19, 20, 23, 24, 25, 26, 27, 28, 29, 30, 31, 32, 34, 35, 37, 40, 47, 48, 49, 53, 54, 55, 59, 60, 76, 88, 89, 90, 92, 93, 95, 96, 98, 108, 109, 110, 112, 113, 118, 123, 125, 128, 129, 130, 131, 134, 144, 145, 146, 161], "summary": {"covered_lines": 53, "num_statements": 76, "percent_covered": 69.73684210526316, "percent_covered_display": "70", "missing_lines": 23, "excluded_lines": 0, "percent_statements_covered": 69.73684210526316, "percent_statements_covered_display": "70"}, "missing_lines": [51, 57, 72, 115, 135, 137, 138, 139, 140, 141, 147, 148, 149, 150, 151, 152, 153, 154, 155, 156, 157, 158, 159], "excluded_lines": [], "functions": {"LLMResponse.is_error": {"executed_lines": [37], "summary": {"covered_lines": 1, "num_statements": 1, "percent_covered": 100.0, "percent_covered_display": "100", "missing_lines": 0, "excluded_lines": 0, "percent_statements_covered": 100.0, "percent_statements_covered_display": "100"}, "missing_lines": [], "excluded_lines": [], "start_line": 35}, "LLMProvider.provider_key": {"executed_lines": [], "summary": {"covered_lines": 0, "num_statements": 1, "percent_covered": 0.0, "percent_covered_display": "0", "missing_lines": 1, "excluded_lines": 0, "percent_statements_covered": 0.0, "percent_statements_covered_display": "0"}, "missing_lines": [51], "excluded_lines": [], "start_line": 49}, "LLMProvider.model_name": {"executed_lines": [], "summary": {"covered_lines": 0, "num_statements": 1, "percent_covered": 0.0, "percent_covered_display": "0", "missing_lines": 1, "excluded_lines": 0, "percent_statements_covered": 0.0, "percent_statements_covered_display": "0"}, "missing_lines": [57], "excluded_lines": [], "start_line": 55}, "LLMProvider.call_raw": {"executed_lines": [], "summary": {"covered_lines": 0, "num_statements": 1, "percent_covered": 0.0, "percent_covered_display": "0", "missing_lines": 1, "excluded_lines": 0, "percent_statements_covered": 0.0, "percent_statements_covered_display": "0"}, "missing_lines": [72], "excluded_lines": [], "start_line": 60}, "LLMProvider.ask": {"executed_lines": [88, 89, 90, 92, 93, 95, 96], "summary": {"covered_lines": 7, "num_statements": 7, "percent_covered": 100.0, "percent_covered_display": "100", "missing_lines": 0, "excluded_lines": 0, "percent_statements_covered": 100.0, "percent_statements_covered_display": "100"}, "missing_lines": [], "excluded_lines": [], "start_line": 76}, "LLMProvider.ask_text": {"executed_lines": [108, 109, 110, 112, 113], "summary": {"covered_lines": 5, "num_statements": 6, "percent_covered": 83.33333333333333, "percent_covered_display": "83", "missing_lines": 1, "excluded_lines": 0, "percent_statements_covered": 83.33333333333333, "percent_statements_covered_display": "83"}, "missing_lines": [115], "excluded_lines": [], "start_line": 98}, "_extract_json": {"executed_lines": [123, 125, 128, 129, 130, 131, 134, 144, 145, 146, 161], "summary": {"covered_lines": 11, "num_statements": 30, "percent_covered": 36.666666666666664, "percent_covered_display": "37", "missing_lines": 19, "excluded_lines": 0, "percent_statements_covered": 36.666666666666664, "percent_statements_covered_display": "37"}, "missing_lines": [135, 137, 138, 139, 140, 141, 147, 148, 149, 150, 151, 152, 153, 154, 155, 156, 157, 158, 159], "excluded_lines": [], "start_line": 118}, "": {"executed_lines": [14, 15, 16, 19, 20, 23, 24, 25, 26, 27, 28, 29, 30, 31, 32, 34, 35, 40, 47, 48, 49, 53, 54, 55, 59, 60, 76, 98, 118], "summary": {"covered_lines": 29, "num_statements": 29, "percent_covered": 100.0, "percent_covered_display": "100", "missing_lines": 0, "excluded_lines": 0, "percent_statements_covered": 100.0, "percent_statements_covered_display": "100"}, "missing_lines": [], "excluded_lines": [], "start_line": 1}}, "classes": {"LLMResponse": {"executed_lines": [37], "summary": {"covered_lines": 1, "num_statements": 1, "percent_covered": 100.0, "percent_covered_display": "100", "missing_lines": 0, "excluded_lines": 0, "percent_statements_covered": 100.0, "percent_statements_covered_display": "100"}, "missing_lines": [], "excluded_lines": [], "start_line": 20}, "LLMProvider": {"executed_lines": [88, 89, 90, 92, 93, 95, 96, 108, 109, 110, 112, 113], "summary": {"covered_lines": 12, "num_statements": 16, "percent_covered": 75.0, "percent_covered_display": "75", "missing_lines": 4, "excluded_lines": 0, "percent_statements_covered": 75.0, "percent_statements_covered_display": "75"}, "missing_lines": [51, 57, 72, 115], "excluded_lines": [], "start_line": 40}, "": {"executed_lines": [14, 15, 16, 19, 20, 23, 24, 25, 26, 27, 28, 29, 30, 31, 32, 34, 35, 40, 47, 48, 49, 53, 54, 55, 59, 60, 76, 98, 118, 123, 125, 128, 129, 130, 131, 134, 144, 145, 146, 161], "summary": {"covered_lines": 40, "num_statements": 59, "percent_covered": 67.79661016949153, "percent_covered_display": "68", "missing_lines": 19, "excluded_lines": 0, "percent_statements_covered": 67.79661016949153, "percent_statements_covered_display": "68"}, "missing_lines": [135, 137, 138, 139, 140, 141, 147, 148, 149, 150, 151, 152, 153, 154, 155, 156, 157, 158, 159], "excluded_lines": [], "start_line": 1}}}, "app/ai/providers/gemini.py": {"executed_lines": [9, 10, 12, 14, 15, 17, 19, 20, 21, 26, 27, 28, 29, 31, 32, 35, 44, 45, 46, 54, 55, 56, 64, 72, 74, 75, 82, 83, 84, 91, 92, 93, 100, 101, 102, 109, 110, 112, 113, 114, 115, 116, 123, 124, 125, 126, 128, 129, 131, 141, 142, 143, 158, 165, 166, 167, 169, 170, 171, 172, 174, 175, 176, 178, 179, 180], "summary": {"covered_lines": 66, "num_statements": 72, "percent_covered": 91.66666666666667, "percent_covered_display": "92", "missing_lines": 6, "excluded_lines": 0, "percent_statements_covered": 91.66666666666667, "percent_statements_covered_display": "92"}, "missing_lines": [33, 149, 150, 151, 181, 182], "excluded_lines": [], "functions": {"GeminiProvider.provider_key": {"executed_lines": [29], "summary": {"covered_lines": 1, "num_statements": 1, "percent_covered": 100.0, "percent_covered_display": "100", "missing_lines": 0, "excluded_lines": 0, "percent_statements_covered": 100.0, "percent_statements_covered_display": "100"}, "missing_lines": [], "excluded_lines": [], "start_line": 28}, "GeminiProvider.model_name": {"executed_lines": [], "summary": {"covered_lines": 0, "num_statements": 1, "percent_covered": 0.0, "percent_covered_display": "0", "missing_lines": 1, "excluded_lines": 0, "percent_statements_covered": 0.0, "percent_statements_covered_display": "0"}, "missing_lines": [33], "excluded_lines": [], "start_line": 32}, "GeminiProvider.call_raw": {"executed_lines": [44, 45, 46, 54, 55, 56, 64, 72, 74, 75, 82, 83, 84, 91, 92, 93, 100, 101, 102, 109, 110, 112, 113, 114, 115, 116, 123, 124, 125, 126, 128, 129, 131, 141, 142, 143], "summary": {"covered_lines": 36, "num_statements": 39, "percent_covered": 92.3076923076923, "percent_covered_display": "92", "missing_lines": 3, "excluded_lines": 0, "percent_statements_covered": 92.3076923076923, "percent_statements_covered_display": "92"}, "missing_lines": [149, 150, 151], "excluded_lines": [], "start_line": 35}, "GeminiProvider._track": {"executed_lines": [165, 166, 167, 169, 170, 171, 172, 174, 175, 176, 178, 179, 180], "summary": {"covered_lines": 13, "num_statements": 15, "percent_covered": 86.66666666666667, "percent_covered_display": "87", "missing_lines": 2, "excluded_lines": 0, "percent_statements_covered": 86.66666666666667, "percent_statements_covered_display": "87"}, "missing_lines": [181, 182], "excluded_lines": [], "start_line": 158}, "": {"executed_lines": [9, 10, 12, 14, 15, 17, 19, 20, 21, 26, 27, 28, 31, 32, 35, 158], "summary": {"covered_lines": 16, "num_statements": 16, "percent_covered": 100.0, "percent_covered_display": "100", "missing_lines": 0, "excluded_lines": 0, "percent_statements_covered": 100.0, "percent_statements_covered_display": "100"}, "missing_lines": [], "excluded_lines": [], "start_line": 1}}, "classes": {"GeminiProvider": {"executed_lines": [29, 44, 45, 46, 54, 55, 56, 64, 72, 74, 75, 82, 83, 84, 91, 92, 93, 100, 101, 102, 109, 110, 112, 113, 114, 115, 116, 123, 124, 125, 126, 128, 129, 131, 141, 142, 143, 165, 166, 167, 169, 170, 171, 172, 174, 175, 176, 178, 179, 180], "summary": {"covered_lines": 50, "num_statements": 56, "percent_covered": 89.28571428571429, "percent_covered_display": "89", "missing_lines": 6, "excluded_lines": 0, "percent_statements_covered": 89.28571428571429, "percent_statements_covered_display": "89"}, "missing_lines": [33, 149, 150, 151, 181, 182], "excluded_lines": [], "start_line": 26}, "": {"executed_lines": [9, 10, 12, 14, 15, 17, 19, 20, 21, 26, 27, 28, 31, 32, 35, 158], "summary": {"covered_lines": 16, "num_statements": 16, "percent_covered": 100.0, "percent_covered_display": "100", "missing_lines": 0, "excluded_lines": 0, "percent_statements_covered": 100.0, "percent_statements_covered_display": "100"}, "missing_lines": [], "excluded_lines": [], "start_line": 1}}}, "app/ai/providers/groq.py": {"executed_lines": [13, 14, 16, 18, 19, 20, 21, 23, 25, 26, 28, 34, 35, 36, 38, 39, 40, 41, 42, 44, 45, 46, 48, 57, 58, 59, 67, 68, 69, 77, 81, 91, 92, 94, 97, 98, 99, 106, 107, 110, 111, 112, 119, 120, 121, 122, 123, 124, 125, 126, 128, 129, 131, 141, 142, 143, 149, 150, 151, 152, 153, 160, 168, 169, 171, 172, 173, 174, 177, 178, 179, 182, 183, 184], "summary": {"covered_lines": 74, "num_statements": 78, "percent_covered": 94.87179487179488, "percent_covered_display": "95", "missing_lines": 4, "excluded_lines": 0, "percent_statements_covered": 94.87179487179488, "percent_statements_covered_display": "95"}, "missing_lines": [108, 109, 186, 187], "excluded_lines": [], "functions": {"GroqProvider.__init__": {"executed_lines": [36], "summary": {"covered_lines": 1, "num_statements": 1, "percent_covered": 100.0, "percent_covered_display": "100", "missing_lines": 0, "excluded_lines": 0, "percent_statements_covered": 100.0, "percent_statements_covered_display": "100"}, "missing_lines": [], "excluded_lines": [], "start_line": 35}, "GroqProvider.provider_key": {"executed_lines": [40, 41, 42], "summary": {"covered_lines": 3, "num_statements": 3, "percent_covered": 100.0, "percent_covered_display": "100", "missing_lines": 0, "excluded_lines": 0, "percent_statements_covered": 100.0, "percent_statements_covered_display": "100"}, "missing_lines": [], "excluded_lines": [], "start_line": 39}, "GroqProvider.model_name": {"executed_lines": [46], "summary": {"covered_lines": 1, "num_statements": 1, "percent_covered": 100.0, "percent_covered_display": "100", "missing_lines": 0, "excluded_lines": 0, "percent_statements_covered": 100.0, "percent_statements_covered_display": "100"}, "missing_lines": [], "excluded_lines": [], "start_line": 45}, "GroqProvider.call_raw": {"executed_lines": [57, 58, 59, 67, 68, 69, 77, 81, 91, 92, 94, 97, 98, 99, 106, 107, 110, 111, 112, 119, 120, 121, 122, 123, 124, 125, 126, 128, 129, 131, 141, 142, 143, 149, 150, 151, 152, 153], "summary": {"covered_lines": 38, "num_statements": 40, "percent_covered": 95.0, "percent_covered_display": "95", "missing_lines": 2, "excluded_lines": 0, "percent_statements_covered": 95.0, "percent_statements_covered_display": "95"}, "missing_lines": [108, 109], "excluded_lines": [], "start_line": 48}, "GroqProvider._track": {"executed_lines": [168, 169, 171, 172, 173, 174, 177, 178, 179, 182, 183, 184], "summary": {"covered_lines": 12, "num_statements": 14, "percent_covered": 85.71428571428571, "percent_covered_display": "86", "missing_lines": 2, "excluded_lines": 0, "percent_statements_covered": 85.71428571428571, "percent_statements_covered_display": "86"}, "missing_lines": [186, 187], "excluded_lines": [], "start_line": 160}, "": {"executed_lines": [13, 14, 16, 18, 19, 20, 21, 23, 25, 26, 28, 34, 35, 38, 39, 44, 45, 48, 160], "summary": {"covered_lines": 19, "num_statements": 19, "percent_covered": 100.0, "percent_covered_display": "100", "missing_lines": 0, "excluded_lines": 0, "percent_statements_covered": 100.0, "percent_statements_covered_display": "100"}, "missing_lines": [], "excluded_lines": [], "start_line": 1}}, "classes": {"GroqProvider": {"executed_lines": [36, 40, 41, 42, 46, 57, 58, 59, 67, 68, 69, 77, 81, 91, 92, 94, 97, 98, 99, 106, 107, 110, 111, 112, 119, 120, 121, 122, 123, 124, 125, 126, 128, 129, 131, 141, 142, 143, 149, 150, 151, 152, 153, 168, 169, 171, 172, 173, 174, 177, 178, 179, 182, 183, 184], "summary": {"covered_lines": 55, "num_statements": 59, "percent_covered": 93.22033898305085, "percent_covered_display": "93", "missing_lines": 4, "excluded_lines": 0, "percent_statements_covered": 93.22033898305085, "percent_statements_covered_display": "93"}, "missing_lines": [108, 109, 186, 187], "excluded_lines": [], "start_line": 34}, "": {"executed_lines": [13, 14, 16, 18, 19, 20, 21, 23, 25, 26, 28, 34, 35, 38, 39, 44, 45, 48, 160], "summary": {"covered_lines": 19, "num_statements": 19, "percent_covered": 100.0, "percent_covered_display": "100", "missing_lines": 0, "excluded_lines": 0, "percent_statements_covered": 100.0, "percent_statements_covered_display": "100"}, "missing_lines": [], "excluded_lines": [], "start_line": 1}}}, "app/ai/providers/ollama.py": {"executed_lines": [21, 22, 24, 26, 27, 29, 31, 34, 36, 39, 40, 41, 43, 44, 45, 47, 48, 49, 51, 59, 60, 68, 69, 70, 77, 90, 93, 97, 98, 101, 102, 103, 110, 111, 114, 115, 116, 118, 119, 129, 137, 138, 139], "summary": {"covered_lines": 43, "num_statements": 51, "percent_covered": 84.31372549019608, "percent_covered_display": "84", "missing_lines": 8, "excluded_lines": 0, "percent_statements_covered": 84.31372549019608, "percent_statements_covered_display": "84"}, "missing_lines": [61, 99, 100, 130, 131, 145, 146, 147], "excluded_lines": [], "functions": {"is_configured": {"executed_lines": [36], "summary": {"covered_lines": 1, "num_statements": 1, "percent_covered": 100.0, "percent_covered_display": "100", "missing_lines": 0, "excluded_lines": 0, "percent_statements_covered": 100.0, "percent_statements_covered_display": "100"}, "missing_lines": [], "excluded_lines": [], "start_line": 34}, "OllamaProvider.__init__": {"executed_lines": [41], "summary": {"covered_lines": 1, "num_statements": 1, "percent_covered": 100.0, "percent_covered_display": "100", "missing_lines": 0, "excluded_lines": 0, "percent_statements_covered": 100.0, "percent_statements_covered_display": "100"}, "missing_lines": [], "excluded_lines": [], "start_line": 40}, "OllamaProvider.provider_key": {"executed_lines": [45], "summary": {"covered_lines": 1, "num_statements": 1, "percent_covered": 100.0, "percent_covered_display": "100", "missing_lines": 0, "excluded_lines": 0, "percent_statements_covered": 100.0, "percent_statements_covered_display": "100"}, "missing_lines": [], "excluded_lines": [], "start_line": 44}, "OllamaProvider.model_name": {"executed_lines": [49], "summary": {"covered_lines": 1, "num_statements": 1, "percent_covered": 100.0, "percent_covered_display": "100", "missing_lines": 0, "excluded_lines": 0, "percent_statements_covered": 100.0, "percent_statements_covered_display": "100"}, "missing_lines": [], "excluded_lines": [], "start_line": 48}, "OllamaProvider.call_raw": {"executed_lines": [59, 60, 68, 69, 70, 77, 90, 93, 97, 98, 101, 102, 103, 110, 111, 114, 115, 116, 118, 119, 129, 137, 138, 139], "summary": {"covered_lines": 24, "num_statements": 32, "percent_covered": 75.0, "percent_covered_display": "75", "missing_lines": 8, "excluded_lines": 0, "percent_statements_covered": 75.0, "percent_statements_covered_display": "75"}, "missing_lines": [61, 99, 100, 130, 131, 145, 146, 147], "excluded_lines": [], "start_line": 51}, "": {"executed_lines": [21, 22, 24, 26, 27, 29, 31, 34, 39, 40, 43, 44, 47, 48, 51], "summary": {"covered_lines": 15, "num_statements": 15, "percent_covered": 100.0, "percent_covered_display": "100", "missing_lines": 0, "excluded_lines": 0, "percent_statements_covered": 100.0, "percent_statements_covered_display": "100"}, "missing_lines": [], "excluded_lines": [], "start_line": 1}}, "classes": {"OllamaProvider": {"executed_lines": [41, 45, 49, 59, 60, 68, 69, 70, 77, 90, 93, 97, 98, 101, 102, 103, 110, 111, 114, 115, 116, 118, 119, 129, 137, 138, 139], "summary": {"covered_lines": 27, "num_statements": 35, "percent_covered": 77.14285714285714, "percent_covered_display": "77", "missing_lines": 8, "excluded_lines": 0, "percent_statements_covered": 77.14285714285714, "percent_statements_covered_display": "77"}, "missing_lines": [61, 99, 100, 130, 131, 145, 146, 147], "excluded_lines": [], "start_line": 39}, "": {"executed_lines": [21, 22, 24, 26, 27, 29, 31, 34, 36, 39, 40, 43, 44, 47, 48, 51], "summary": {"covered_lines": 16, "num_statements": 16, "percent_covered": 100.0, "percent_covered_display": "100", "missing_lines": 0, "excluded_lines": 0, "percent_statements_covered": 100.0, "percent_statements_covered_display": "100"}, "missing_lines": [], "excluded_lines": [], "start_line": 1}}}, "app/ai/providers/openrouter.py": {"executed_lines": [13, 14, 15, 17, 19, 20, 22, 24, 25, 28, 31, 34, 36, 40, 41, 44, 77, 85, 86, 87, 91, 92, 96, 97, 98, 141, 142, 143, 144, 145, 146, 150], "summary": {"covered_lines": 32, "num_statements": 73, "percent_covered": 43.83561643835616, "percent_covered_display": "44", "missing_lines": 41, "excluded_lines": 0, "percent_statements_covered": 43.83561643835616, "percent_statements_covered_display": "44"}, "missing_lines": [37, 38, 42, 53, 54, 55, 74, 75, 118, 119, 120, 121, 122, 123, 124, 126, 128, 130, 131, 157, 158, 159, 163, 164, 168, 169, 170, 189, 190, 191, 192, 193, 194, 195, 197, 198, 208, 209, 210, 211, 212], "excluded_lines": [], "functions": {"OpenRouterProvider.__init__": {"executed_lines": [], "summary": {"covered_lines": 0, "num_statements": 2, "percent_covered": 0.0, "percent_covered_display": "0", "missing_lines": 2, "excluded_lines": 0, "percent_statements_covered": 0.0, "percent_statements_covered_display": "0"}, "missing_lines": [37, 38], "excluded_lines": [], "start_line": 36}, "OpenRouterProvider.model_name": {"executed_lines": [], "summary": {"covered_lines": 0, "num_statements": 1, "percent_covered": 0.0, "percent_covered_display": "0", "missing_lines": 1, "excluded_lines": 0, "percent_statements_covered": 0.0, "percent_statements_covered_display": "0"}, "missing_lines": [42], "excluded_lines": [], "start_line": 41}, "OpenRouterProvider.call_raw": {"executed_lines": [], "summary": {"covered_lines": 0, "num_statements": 5, "percent_covered": 0.0, "percent_covered_display": "0", "missing_lines": 5, "excluded_lines": 0, "percent_statements_covered": 0.0, "percent_statements_covered_display": "0"}, "missing_lines": [53, 54, 55, 74, 75], "excluded_lines": [], "start_line": 44}, "OpenRouterProvider.ask": {"executed_lines": [85, 86, 87, 91, 92, 96, 97, 98, 141, 142, 143, 144, 145, 146], "summary": {"covered_lines": 14, "num_statements": 25, "percent_covered": 56.0, "percent_covered_display": "56", "missing_lines": 11, "excluded_lines": 0, "percent_statements_covered": 56.0, "percent_statements_covered_display": "56"}, "missing_lines": [118, 119, 120, 121, 122, 123, 124, 126, 128, 130, 131], "excluded_lines": [], "start_line": 77}, "OpenRouterProvider.ask_text": {"executed_lines": [], "summary": {"covered_lines": 0, "num_statements": 22, "percent_covered": 0.0, "percent_covered_display": "0", "missing_lines": 22, "excluded_lines": 0, "percent_statements_covered": 0.0, "percent_statements_covered_display": "0"}, "missing_lines": [157, 158, 159, 163, 164, 168, 169, 170, 189, 190, 191, 192, 193, 194, 195, 197, 198, 208, 209, 210, 211, 212], "excluded_lines": [], "start_line": 150}, "": {"executed_lines": [13, 14, 15, 17, 19, 20, 22, 24, 25, 28, 31, 34, 36, 40, 41, 44, 77, 150], "summary": {"covered_lines": 18, "num_statements": 18, "percent_covered": 100.0, "percent_covered_display": "100", "missing_lines": 0, "excluded_lines": 0, "percent_statements_covered": 100.0, "percent_statements_covered_display": "100"}, "missing_lines": [], "excluded_lines": [], "start_line": 1}}, "classes": {"OpenRouterProvider": {"executed_lines": [85, 86, 87, 91, 92, 96, 97, 98, 141, 142, 143, 144, 145, 146], "summary": {"covered_lines": 14, "num_statements": 55, "percent_covered": 25.454545454545453, "percent_covered_display": "25", "missing_lines": 41, "excluded_lines": 0, "percent_statements_covered": 25.454545454545453, "percent_statements_covered_display": "25"}, "missing_lines": [37, 38, 42, 53, 54, 55, 74, 75, 118, 119, 120, 121, 122, 123, 124, 126, 128, 130, 131, 157, 158, 159, 163, 164, 168, 169, 170, 189, 190, 191, 192, 193, 194, 195, 197, 198, 208, 209, 210, 211, 212], "excluded_lines": [], "start_line": 31}, "": {"executed_lines": [13, 14, 15, 17, 19, 20, 22, 24, 25, 28, 31, 34, 36, 40, 41, 44, 77, 150], "summary": {"covered_lines": 18, "num_statements": 18, "percent_covered": 100.0, "percent_covered_display": "100", "missing_lines": 0, "excluded_lines": 0, "percent_statements_covered": 100.0, "percent_statements_covered_display": "100"}, "missing_lines": [], "excluded_lines": [], "start_line": 1}}}, "app/ai/router.py": {"executed_lines": [18, 19, 20, 21, 23, 24, 25, 26, 40, 42, 60, 61, 64, 65, 71, 74, 75, 76, 77, 78, 79, 80, 84, 85, 86, 88, 89, 90, 92, 93, 95, 96, 97, 98, 99, 100, 101, 102, 104, 107, 109, 110, 111, 112, 113, 114, 115, 117, 120, 122, 123, 125, 126, 133, 135, 136, 137, 139, 140, 141, 142, 143, 147, 153, 154, 155, 156, 158, 159, 161, 162, 165, 181, 186, 190, 191, 192, 193, 194, 197, 198, 199, 200, 203, 210, 211, 212, 224, 226, 227, 228, 230, 233, 234, 236, 237, 240, 243, 246, 258, 268, 270, 280, 281, 282, 283, 284, 285, 287, 288, 291, 293, 295, 296, 297, 300, 301, 303, 305, 306, 308, 317, 318, 319, 320, 322, 323, 326, 329, 334, 344, 345, 346, 347, 348, 351, 356, 358, 361, 362, 363, 364, 365, 367, 368, 369, 370, 371, 373, 374, 375, 376, 377, 378, 380, 381, 382, 384, 386, 389, 390, 391, 392, 397, 398, 400, 401, 402, 403, 404, 405, 406, 408, 409, 410, 412, 413, 414, 416, 425, 426, 428, 429, 430, 432, 433, 434, 435, 436, 437, 438, 439, 440, 441, 448, 463, 464, 465, 466, 467, 476, 511, 514, 516, 517, 520, 526, 527, 528, 529, 530, 534], "summary": {"covered_lines": 212, "num_statements": 278, "percent_covered": 76.2589928057554, "percent_covered_display": "76", "missing_lines": 66, "excluded_lines": 0, "percent_statements_covered": 76.2589928057554, "percent_statements_covered_display": "76"}, "missing_lines": [105, 106, 118, 119, 124, 127, 128, 130, 131, 132, 144, 145, 166, 168, 175, 176, 177, 178, 179, 204, 205, 206, 207, 213, 214, 215, 216, 217, 218, 219, 220, 221, 231, 238, 248, 249, 251, 252, 253, 254, 256, 289, 327, 331, 332, 366, 379, 383, 417, 418, 445, 446, 477, 479, 480, 481, 482, 484, 485, 486, 487, 488, 489, 497, 498, 499], "excluded_lines": [], "functions": {"_quality_floor_active": {"executed_lines": [61], "summary": {"covered_lines": 1, "num_statements": 1, "percent_covered": 100.0, "percent_covered_display": "100", "missing_lines": 0, "excluded_lines": 0, "percent_statements_covered": 100.0, "percent_statements_covered_display": "100"}, "missing_lines": [], "excluded_lines": [], "start_line": 60}, "LLMRouter.__init__": {"executed_lines": [71, 74, 75, 76, 77, 78, 79, 80], "summary": {"covered_lines": 8, "num_statements": 8, "percent_covered": 100.0, "percent_covered_display": "100", "missing_lines": 0, "excluded_lines": 0, "percent_statements_covered": 100.0, "percent_statements_covered_display": "100"}, "missing_lines": [], "excluded_lines": [], "start_line": 65}, "LLMRouter._local_only": {"executed_lines": [86], "summary": {"covered_lines": 1, "num_statements": 1, "percent_covered": 100.0, "percent_covered_display": "100", "missing_lines": 0, "excluded_lines": 0, "percent_statements_covered": 100.0, "percent_statements_covered_display": "100"}, "missing_lines": [], "excluded_lines": [], "start_line": 85}, "LLMRouter._prefer_local": {"executed_lines": [90], "summary": {"covered_lines": 1, "num_statements": 1, "percent_covered": 100.0, "percent_covered_display": "100", "missing_lines": 0, "excluded_lines": 0, "percent_statements_covered": 100.0, "percent_statements_covered_display": "100"}, "missing_lines": [], "excluded_lines": [], "start_line": 89}, "LLMRouter._get_ollama": {"executed_lines": [93, 95, 96, 97, 98, 99, 100, 101, 102, 104, 107], "summary": {"covered_lines": 11, "num_statements": 13, "percent_covered": 84.61538461538461, "percent_covered_display": "85", "missing_lines": 2, "excluded_lines": 0, "percent_statements_covered": 84.61538461538461, "percent_statements_covered_display": "85"}, "missing_lines": [105, 106], "excluded_lines": [], "start_line": 92}, "LLMRouter._get_gemini": {"executed_lines": [110, 111, 112, 113, 114, 115, 117, 120], "summary": {"covered_lines": 8, "num_statements": 10, "percent_covered": 80.0, "percent_covered_display": "80", "missing_lines": 2, "excluded_lines": 0, "percent_statements_covered": 80.0, "percent_statements_covered_display": "80"}, "missing_lines": [118, 119], "excluded_lines": [], "start_line": 109}, "LLMRouter._get_openrouter": {"executed_lines": [123, 125, 126, 133], "summary": {"covered_lines": 4, "num_statements": 10, "percent_covered": 40.0, "percent_covered_display": "40", "missing_lines": 6, "excluded_lines": 0, "percent_statements_covered": 40.0, "percent_statements_covered_display": "40"}, "missing_lines": [124, 127, 128, 130, 131, 132], "excluded_lines": [], "start_line": 122}, "LLMRouter._usage_pct": {"executed_lines": [136, 137, 139, 140, 141, 142, 143], "summary": {"covered_lines": 7, "num_statements": 9, "percent_covered": 77.77777777777777, "percent_covered_display": "78", "missing_lines": 2, "excluded_lines": 0, "percent_statements_covered": 77.77777777777777, "percent_statements_covered_display": "78"}, "missing_lines": [144, 145], "excluded_lines": [], "start_line": 135}, "LLMRouter._sanitize": {"executed_lines": [153, 154, 155, 156, 158, 159, 161, 162, 165], "summary": {"covered_lines": 9, "num_statements": 16, "percent_covered": 56.25, "percent_covered_display": "56", "missing_lines": 7, "excluded_lines": 0, "percent_statements_covered": 56.25, "percent_statements_covered_display": "56"}, "missing_lines": [166, 168, 175, 176, 177, 178, 179], "excluded_lines": [], "start_line": 147}, "LLMRouter._select_provider": {"executed_lines": [186, 190, 191, 192, 193, 194, 197, 198, 199, 200, 203, 210, 211, 212, 224, 226, 227, 228, 230, 233, 234, 236, 237, 240, 243, 246], "summary": {"covered_lines": 26, "num_statements": 48, "percent_covered": 54.166666666666664, "percent_covered_display": "54", "missing_lines": 22, "excluded_lines": 0, "percent_statements_covered": 54.166666666666664, "percent_statements_covered_display": "54"}, "missing_lines": [204, 205, 206, 207, 213, 214, 215, 216, 217, 218, 219, 220, 221, 231, 238, 248, 249, 251, 252, 253, 254, 256], "excluded_lines": [], "start_line": 181}, "LLMRouter._call_provider": {"executed_lines": [268], "summary": {"covered_lines": 1, "num_statements": 1, "percent_covered": 100.0, "percent_covered_display": "100", "missing_lines": 0, "excluded_lines": 0, "percent_statements_covered": 100.0, "percent_statements_covered_display": "100"}, "missing_lines": [], "excluded_lines": [], "start_line": 258}, "LLMRouter.ask": {"executed_lines": [280, 281, 282, 283, 284, 285, 287, 288, 291, 293, 295, 296, 297, 300, 301, 303, 305, 306], "summary": {"covered_lines": 18, "num_statements": 19, "percent_covered": 94.73684210526316, "percent_covered_display": "95", "missing_lines": 1, "excluded_lines": 0, "percent_statements_covered": 94.73684210526316, "percent_statements_covered_display": "95"}, "missing_lines": [289], "excluded_lines": [], "start_line": 270}, "LLMRouter.ask_text": {"executed_lines": [317, 318, 319, 320, 322, 323, 326, 329], "summary": {"covered_lines": 8, "num_statements": 11, "percent_covered": 72.72727272727273, "percent_covered_display": "73", "missing_lines": 3, "excluded_lines": 0, "percent_statements_covered": 72.72727272727273, "percent_statements_covered_display": "73"}, "missing_lines": [327, 331, 332], "excluded_lines": [], "start_line": 308}, "LLMRouter._fallback_candidates": {"executed_lines": [344, 345, 346, 347, 348, 351, 356], "summary": {"covered_lines": 7, "num_statements": 7, "percent_covered": 100.0, "percent_covered_display": "100", "missing_lines": 0, "excluded_lines": 0, "percent_statements_covered": 100.0, "percent_statements_covered_display": "100"}, "missing_lines": [], "excluded_lines": [], "start_line": 334}, "LLMRouter._try_fallback": {"executed_lines": [361, 362, 363, 364, 365, 367, 368, 369, 370, 371], "summary": {"covered_lines": 10, "num_statements": 11, "percent_covered": 90.9090909090909, "percent_covered_display": "91", "missing_lines": 1, "excluded_lines": 0, "percent_statements_covered": 90.9090909090909, "percent_statements_covered_display": "91"}, "missing_lines": [366], "excluded_lines": [], "start_line": 358}, "LLMRouter._try_fallback_text": {"executed_lines": [374, 375, 376, 377, 378, 380, 381, 382, 384], "summary": {"covered_lines": 9, "num_statements": 11, "percent_covered": 81.81818181818181, "percent_covered_display": "82", "missing_lines": 2, "excluded_lines": 0, "percent_statements_covered": 81.81818181818181, "percent_statements_covered_display": "82"}, "missing_lines": [379, 383], "excluded_lines": [], "start_line": 373}, "LLMRouter._log_and_track": {"executed_lines": [389, 390, 391, 392, 397, 398, 400, 401, 402, 403, 404, 405, 406, 408, 409, 410, 412, 413, 414, 416, 425, 426, 428, 429, 430], "summary": {"covered_lines": 25, "num_statements": 27, "percent_covered": 92.5925925925926, "percent_covered_display": "93", "missing_lines": 2, "excluded_lines": 0, "percent_statements_covered": 92.5925925925926, "percent_statements_covered_display": "93"}, "missing_lines": [417, 418], "excluded_lines": [], "start_line": 386}, "LLMRouter._check_budget_alert": {"executed_lines": [433, 434, 435, 436, 437, 438, 439, 440, 441], "summary": {"covered_lines": 9, "num_statements": 11, "percent_covered": 81.81818181818181, "percent_covered_display": "82", "missing_lines": 2, "excluded_lines": 0, "percent_statements_covered": 81.81818181818181, "percent_statements_covered_display": "82"}, "missing_lines": [445, 446], "excluded_lines": [], "start_line": 432}, "LLMRouter.safe_ask": {"executed_lines": [463, 464, 465, 466, 467], "summary": {"covered_lines": 5, "num_statements": 5, "percent_covered": 100.0, "percent_covered_display": "100", "missing_lines": 0, "excluded_lines": 0, "percent_statements_covered": 100.0, "percent_statements_covered_display": "100"}, "missing_lines": [], "excluded_lines": [], "start_line": 448}, "LLMRouter.status": {"executed_lines": [], "summary": {"covered_lines": 0, "num_statements": 14, "percent_covered": 0.0, "percent_covered_display": "0", "missing_lines": 14, "excluded_lines": 0, "percent_statements_covered": 0.0, "percent_statements_covered_display": "0"}, "missing_lines": [477, 479, 480, 481, 482, 484, 485, 486, 487, 488, 489, 497, 498, 499], "excluded_lines": [], "start_line": 476}, "reset_last_call": {"executed_lines": [516, 517], "summary": {"covered_lines": 2, "num_statements": 2, "percent_covered": 100.0, "percent_covered_display": "100", "missing_lines": 0, "excluded_lines": 0, "percent_statements_covered": 100.0, "percent_statements_covered_display": "100"}, "missing_lines": [], "excluded_lines": [], "start_line": 514}, "last_model_disclosure": {"executed_lines": [526, 527, 528, 529, 530], "summary": {"covered_lines": 5, "num_statements": 5, "percent_covered": 100.0, "percent_covered_display": "100", "missing_lines": 0, "excluded_lines": 0, "percent_statements_covered": 100.0, "percent_statements_covered_display": "100"}, "missing_lines": [], "excluded_lines": [], "start_line": 520}, "": {"executed_lines": [18, 19, 20, 21, 23, 24, 25, 26, 40, 42, 60, 64, 65, 84, 85, 88, 89, 92, 109, 122, 135, 147, 181, 258, 270, 308, 334, 358, 373, 386, 432, 448, 476, 511, 514, 520, 534], "summary": {"covered_lines": 37, "num_statements": 37, "percent_covered": 100.0, "percent_covered_display": "100", "missing_lines": 0, "excluded_lines": 0, "percent_statements_covered": 100.0, "percent_statements_covered_display": "100"}, "missing_lines": [], "excluded_lines": [], "start_line": 1}}, "classes": {"LLMRouter": {"executed_lines": [71, 74, 75, 76, 77, 78, 79, 80, 86, 90, 93, 95, 96, 97, 98, 99, 100, 101, 102, 104, 107, 110, 111, 112, 113, 114, 115, 117, 120, 123, 125, 126, 133, 136, 137, 139, 140, 141, 142, 143, 153, 154, 155, 156, 158, 159, 161, 162, 165, 186, 190, 191, 192, 193, 194, 197, 198, 199, 200, 203, 210, 211, 212, 224, 226, 227, 228, 230, 233, 234, 236, 237, 240, 243, 246, 268, 280, 281, 282, 283, 284, 285, 287, 288, 291, 293, 295, 296, 297, 300, 301, 303, 305, 306, 317, 318, 319, 320, 322, 323, 326, 329, 344, 345, 346, 347, 348, 351, 356, 361, 362, 363, 364, 365, 367, 368, 369, 370, 371, 374, 375, 376, 377, 378, 380, 381, 382, 384, 389, 390, 391, 392, 397, 398, 400, 401, 402, 403, 404, 405, 406, 408, 409, 410, 412, 413, 414, 416, 425, 426, 428, 429, 430, 433, 434, 435, 436, 437, 438, 439, 440, 441, 463, 464, 465, 466, 467], "summary": {"covered_lines": 167, "num_statements": 233, "percent_covered": 71.67381974248927, "percent_covered_display": "72", "missing_lines": 66, "excluded_lines": 0, "percent_statements_covered": 71.67381974248927, "percent_statements_covered_display": "72"}, "missing_lines": [105, 106, 118, 119, 124, 127, 128, 130, 131, 132, 144, 145, 166, 168, 175, 176, 177, 178, 179, 204, 205, 206, 207, 213, 214, 215, 216, 217, 218, 219, 220, 221, 231, 238, 248, 249, 251, 252, 253, 254, 256, 289, 327, 331, 332, 366, 379, 383, 417, 418, 445, 446, 477, 479, 480, 481, 482, 484, 485, 486, 487, 488, 489, 497, 498, 499], "excluded_lines": [], "start_line": 64}, "": {"executed_lines": [18, 19, 20, 21, 23, 24, 25, 26, 40, 42, 60, 61, 64, 65, 84, 85, 88, 89, 92, 109, 122, 135, 147, 181, 258, 270, 308, 334, 358, 373, 386, 432, 448, 476, 511, 514, 516, 517, 520, 526, 527, 528, 529, 530, 534], "summary": {"covered_lines": 45, "num_statements": 45, "percent_covered": 100.0, "percent_covered_display": "100", "missing_lines": 0, "excluded_lines": 0, "percent_statements_covered": 100.0, "percent_statements_covered_display": "100"}, "missing_lines": [], "excluded_lines": [], "start_line": 1}}}, "app/ai/routing_policy.py": {"executed_lines": [15, 17, 22, 50, 57, 66, 67, 73, 82, 84, 87, 88, 91, 98, 101, 107, 110, 112, 115, 117, 120, 122, 125, 131], "summary": {"covered_lines": 24, "num_statements": 24, "percent_covered": 100.0, "percent_covered_display": "100", "missing_lines": 0, "excluded_lines": 0, "percent_statements_covered": 100.0, "percent_statements_covered_display": "100"}, "missing_lines": [], "excluded_lines": [], "functions": {"_env_flag": {"executed_lines": [88], "summary": {"covered_lines": 1, "num_statements": 1, "percent_covered": 100.0, "percent_covered_display": "100", "missing_lines": 0, "excluded_lines": 0, "percent_statements_covered": 100.0, "percent_statements_covered_display": "100"}, "missing_lines": [], "excluded_lines": [], "start_line": 87}, "quality_floor_active": {"executed_lines": [98], "summary": {"covered_lines": 1, "num_statements": 1, "percent_covered": 100.0, "percent_covered_display": "100", "missing_lines": 0, "excluded_lines": 0, "percent_statements_covered": 100.0, "percent_statements_covered_display": "100"}, "missing_lines": [], "excluded_lines": [], "start_line": 91}, "local_only": {"executed_lines": [107], "summary": {"covered_lines": 1, "num_statements": 1, "percent_covered": 100.0, "percent_covered_display": "100", "missing_lines": 0, "excluded_lines": 0, "percent_statements_covered": 100.0, "percent_statements_covered_display": "100"}, "missing_lines": [], "excluded_lines": [], "start_line": 101}, "prefer_local": {"executed_lines": [112], "summary": {"covered_lines": 1, "num_statements": 1, "percent_covered": 100.0, "percent_covered_display": "100", "missing_lines": 0, "excluded_lines": 0, "percent_statements_covered": 100.0, "percent_statements_covered_display": "100"}, "missing_lines": [], "excluded_lines": [], "start_line": 110}, "is_quality_sensitive": {"executed_lines": [117], "summary": {"covered_lines": 1, "num_statements": 1, "percent_covered": 100.0, "percent_covered_display": "100", "missing_lines": 0, "excluded_lines": 0, "percent_statements_covered": 100.0, "percent_statements_covered_display": "100"}, "missing_lines": [], "excluded_lines": [], "start_line": 115}, "provider_tier": {"executed_lines": [122], "summary": {"covered_lines": 1, "num_statements": 1, "percent_covered": 100.0, "percent_covered_display": "100", "missing_lines": 0, "excluded_lines": 0, "percent_statements_covered": 100.0, "percent_statements_covered_display": "100"}, "missing_lines": [], "excluded_lines": [], "start_line": 120}, "blocked_by_quality_floor": {"executed_lines": [131], "summary": {"covered_lines": 1, "num_statements": 1, "percent_covered": 100.0, "percent_covered_display": "100", "missing_lines": 0, "excluded_lines": 0, "percent_statements_covered": 100.0, "percent_statements_covered_display": "100"}, "missing_lines": [], "excluded_lines": [], "start_line": 125}, "": {"executed_lines": [15, 17, 22, 50, 57, 66, 67, 73, 82, 84, 87, 91, 101, 110, 115, 120, 125], "summary": {"covered_lines": 17, "num_statements": 17, "percent_covered": 100.0, "percent_covered_display": "100", "missing_lines": 0, "excluded_lines": 0, "percent_statements_covered": 100.0, "percent_statements_covered_display": "100"}, "missing_lines": [], "excluded_lines": [], "start_line": 1}}, "classes": {"": {"executed_lines": [15, 17, 22, 50, 57, 66, 67, 73, 82, 84, 87, 88, 91, 98, 101, 107, 110, 112, 115, 117, 120, 122, 125, 131], "summary": {"covered_lines": 24, "num_statements": 24, "percent_covered": 100.0, "percent_covered_display": "100", "missing_lines": 0, "excluded_lines": 0, "percent_statements_covered": 100.0, "percent_statements_covered_display": "100"}, "missing_lines": [], "excluded_lines": [], "start_line": 1}}}, "app/ai/validator.py": {"executed_lines": [14, 15, 17, 20, 21, 22, 25, 27, 30, 32, 33, 34, 37, 46, 47, 48, 54, 65, 67, 68, 69, 79, 80, 81, 83, 84, 86, 88, 89, 90, 91, 95, 108, 114, 115, 116, 117, 119, 120, 121, 133, 134, 135, 137, 138, 139, 141, 142, 145, 146, 148, 150, 151, 152, 154, 169, 171, 172, 173, 182, 183, 184, 185, 186, 187, 190, 191, 192, 195, 196, 197, 199, 200, 201, 202, 211, 212, 213, 214, 222, 224], "summary": {"covered_lines": 81, "num_statements": 90, "percent_covered": 90.0, "percent_covered_display": "90", "missing_lines": 9, "excluded_lines": 0, "percent_statements_covered": 90.0, "percent_statements_covered_display": "90"}, "missing_lines": [85, 92, 93, 143, 147, 193, 198, 215, 216], "excluded_lines": [], "functions": {"_get": {"executed_lines": [21, 22], "summary": {"covered_lines": 2, "num_statements": 2, "percent_covered": 100.0, "percent_covered_display": "100", "missing_lines": 0, "excluded_lines": 0, "percent_statements_covered": 100.0, "percent_statements_covered_display": "100"}, "missing_lines": [], "excluded_lines": [], "start_line": 20}, "_str": {"executed_lines": [27], "summary": {"covered_lines": 1, "num_statements": 1, "percent_covered": 100.0, "percent_covered_display": "100", "missing_lines": 0, "excluded_lines": 0, "percent_statements_covered": 100.0, "percent_statements_covered_display": "100"}, "missing_lines": [], "excluded_lines": [], "start_line": 25}, "_list_of_str": {"executed_lines": [32, 33, 34], "summary": {"covered_lines": 3, "num_statements": 3, "percent_covered": 100.0, "percent_covered_display": "100", "missing_lines": 0, "excluded_lines": 0, "percent_statements_covered": 100.0, "percent_statements_covered_display": "100"}, "missing_lines": [], "excluded_lines": [], "start_line": 30}, "is_unusable": {"executed_lines": [46, 47, 48], "summary": {"covered_lines": 3, "num_statements": 3, "percent_covered": 100.0, "percent_covered_display": "100", "missing_lines": 0, "excluded_lines": 0, "percent_statements_covered": 100.0, "percent_statements_covered_display": "100"}, "missing_lines": [], "excluded_lines": [], "start_line": 37}, "validate_pr_analysis": {"executed_lines": [65, 67, 68, 69, 79, 80, 81, 83, 84, 86, 88, 89, 90, 91, 95], "summary": {"covered_lines": 15, "num_statements": 18, "percent_covered": 83.33333333333333, "percent_covered_display": "83", "missing_lines": 3, "excluded_lines": 0, "percent_statements_covered": 83.33333333333333, "percent_statements_covered_display": "83"}, "missing_lines": [85, 92, 93], "excluded_lines": [], "start_line": 54}, "validate_issue_triage": {"executed_lines": [114, 115, 116, 117, 119, 120, 121, 133, 134, 135, 137, 138, 139, 141, 142, 145, 146, 148, 150, 151, 152, 154], "summary": {"covered_lines": 22, "num_statements": 24, "percent_covered": 91.66666666666667, "percent_covered_display": "92", "missing_lines": 2, "excluded_lines": 0, "percent_statements_covered": 91.66666666666667, "percent_statements_covered_display": "92"}, "missing_lines": [143, 147], "excluded_lines": [], "start_line": 108}, "validate_code_review": {"executed_lines": [171, 172, 173, 182, 183, 184, 185, 186, 187, 190, 191, 192, 195, 196, 197, 199, 200, 201, 202, 211, 212, 213, 214, 222, 224], "summary": {"covered_lines": 25, "num_statements": 29, "percent_covered": 86.20689655172414, "percent_covered_display": "86", "missing_lines": 4, "excluded_lines": 0, "percent_statements_covered": 86.20689655172414, "percent_statements_covered_display": "86"}, "missing_lines": [193, 198, 215, 216], "excluded_lines": [], "start_line": 169}, "": {"executed_lines": [14, 15, 17, 20, 25, 30, 37, 54, 108, 169], "summary": {"covered_lines": 10, "num_statements": 10, "percent_covered": 100.0, "percent_covered_display": "100", "missing_lines": 0, "excluded_lines": 0, "percent_statements_covered": 100.0, "percent_statements_covered_display": "100"}, "missing_lines": [], "excluded_lines": [], "start_line": 1}}, "classes": {"": {"executed_lines": [14, 15, 17, 20, 21, 22, 25, 27, 30, 32, 33, 34, 37, 46, 47, 48, 54, 65, 67, 68, 69, 79, 80, 81, 83, 84, 86, 88, 89, 90, 91, 95, 108, 114, 115, 116, 117, 119, 120, 121, 133, 134, 135, 137, 138, 139, 141, 142, 145, 146, 148, 150, 151, 152, 154, 169, 171, 172, 173, 182, 183, 184, 185, 186, 187, 190, 191, 192, 195, 196, 197, 199, 200, 201, 202, 211, 212, 213, 214, 222, 224], "summary": {"covered_lines": 81, "num_statements": 90, "percent_covered": 90.0, "percent_covered_display": "90", "missing_lines": 9, "excluded_lines": 0, "percent_statements_covered": 90.0, "percent_statements_covered_display": "90"}, "missing_lines": [85, 92, 93, 143, 147, 193, 198, 215, 216], "excluded_lines": [], "start_line": 1}}}, "app/core/__init__.py": {"executed_lines": [], "summary": {"covered_lines": 0, "num_statements": 0, "percent_covered": 100.0, "percent_covered_display": "100", "missing_lines": 0, "excluded_lines": 0, "percent_statements_covered": 100.0, "percent_statements_covered_display": "100"}, "missing_lines": [], "excluded_lines": [], "functions": {"": {"executed_lines": [], "summary": {"covered_lines": 0, "num_statements": 0, "percent_covered": 100.0, "percent_covered_display": "100", "missing_lines": 0, "excluded_lines": 0, "percent_statements_covered": 100.0, "percent_statements_covered_display": "100"}, "missing_lines": [], "excluded_lines": [], "start_line": 1}}, "classes": {"": {"executed_lines": [], "summary": {"covered_lines": 0, "num_statements": 0, "percent_covered": 100.0, "percent_covered_display": "100", "missing_lines": 0, "excluded_lines": 0, "percent_statements_covered": 100.0, "percent_statements_covered_display": "100"}, "missing_lines": [], "excluded_lines": [], "start_line": 1}}}, "app/core/analytics.py": {"executed_lines": [11, 12, 13, 15, 18, 19, 20, 23, 24, 25, 28, 29, 30, 31, 34, 35, 38, 47, 51, 54, 55, 56, 58, 59, 60, 61, 62, 63, 65, 89, 90, 91, 92, 93, 94, 96, 97, 99, 102, 108, 113, 146, 147, 150, 151, 152, 153, 156, 157, 158, 159, 160, 165, 175, 176, 177, 178, 179, 180, 183, 184, 185, 186, 187, 188, 191, 192, 195, 196, 197, 198, 199, 200, 201, 202, 203, 204, 207, 208, 225, 226, 227, 228, 229, 230, 231, 232, 233, 234, 237, 238, 239], "summary": {"covered_lines": 92, "num_statements": 101, "percent_covered": 91.08910891089108, "percent_covered_display": "91", "missing_lines": 9, "excluded_lines": 0, "percent_statements_covered": 91.08910891089108, "percent_statements_covered_display": "91"}, "missing_lines": [161, 162, 166, 167, 168, 169, 170, 171, 172], "excluded_lines": [], "functions": {"record_pr_merged": {"executed_lines": [19, 20], "summary": {"covered_lines": 2, "num_statements": 2, "percent_covered": 100.0, "percent_covered_display": "100", "missing_lines": 0, "excluded_lines": 0, "percent_statements_covered": 100.0, "percent_statements_covered_display": "100"}, "missing_lines": [], "excluded_lines": [], "start_line": 18}, "record_issue_closed": {"executed_lines": [24, 25], "summary": {"covered_lines": 2, "num_statements": 2, "percent_covered": 100.0, "percent_covered_display": "100", "missing_lines": 0, "excluded_lines": 0, "percent_statements_covered": 100.0, "percent_statements_covered_display": "100"}, "missing_lines": [], "excluded_lines": [], "start_line": 23}, "record_command_used": {"executed_lines": [29, 30, 31], "summary": {"covered_lines": 3, "num_statements": 3, "percent_covered": 100.0, "percent_covered_display": "100", "missing_lines": 0, "excluded_lines": 0, "percent_statements_covered": 100.0, "percent_statements_covered_display": "100"}, "missing_lines": [], "excluded_lines": [], "start_line": 28}, "record_review_score": {"executed_lines": [35], "summary": {"covered_lines": 1, "num_statements": 1, "percent_covered": 100.0, "percent_covered_display": "100", "missing_lines": 0, "excluded_lines": 0, "percent_statements_covered": 100.0, "percent_statements_covered_display": "100"}, "missing_lines": [], "excluded_lines": [], "start_line": 34}, "record_bot_action": {"executed_lines": [47], "summary": {"covered_lines": 1, "num_statements": 1, "percent_covered": 100.0, "percent_covered_display": "100", "missing_lines": 0, "excluded_lines": 0, "percent_statements_covered": 100.0, "percent_statements_covered_display": "100"}, "missing_lines": [], "excluded_lines": [], "start_line": 38}, "get_weekly_report": {"executed_lines": [55, 56, 58, 59, 60, 61, 62, 63, 65], "summary": {"covered_lines": 9, "num_statements": 9, "percent_covered": 100.0, "percent_covered_display": "100", "missing_lines": 0, "excluded_lines": 0, "percent_statements_covered": 100.0, "percent_statements_covered_display": "100"}, "missing_lines": [], "excluded_lines": [], "start_line": 54}, "format_report_comment": {"executed_lines": [90, 91, 92, 93, 94, 96, 97, 99, 102, 108, 113], "summary": {"covered_lines": 11, "num_statements": 11, "percent_covered": 100.0, "percent_covered_display": "100", "missing_lines": 0, "excluded_lines": 0, "percent_statements_covered": 100.0, "percent_statements_covered_display": "100"}, "missing_lines": [], "excluded_lines": [], "start_line": 89}, "_today": {"executed_lines": [147], "summary": {"covered_lines": 1, "num_statements": 1, "percent_covered": 100.0, "percent_covered_display": "100", "missing_lines": 0, "excluded_lines": 0, "percent_statements_covered": 100.0, "percent_statements_covered_display": "100"}, "missing_lines": [], "excluded_lines": [], "start_line": 146}, "_week": {"executed_lines": [151, 152, 153], "summary": {"covered_lines": 3, "num_statements": 3, "percent_covered": 100.0, "percent_covered_display": "100", "missing_lines": 0, "excluded_lines": 0, "percent_statements_covered": 100.0, "percent_statements_covered_display": "100"}, "missing_lines": [], "excluded_lines": [], "start_line": 150}, "_incr": {"executed_lines": [157, 158, 159, 160], "summary": {"covered_lines": 4, "num_statements": 6, "percent_covered": 66.66666666666667, "percent_covered_display": "67", "missing_lines": 2, "excluded_lines": 0, "percent_statements_covered": 66.66666666666667, "percent_statements_covered_display": "67"}, "missing_lines": [161, 162], "excluded_lines": [], "start_line": 156}, "_lpush": {"executed_lines": [], "summary": {"covered_lines": 0, "num_statements": 7, "percent_covered": 0.0, "percent_covered_display": "0", "missing_lines": 7, "excluded_lines": 0, "percent_statements_covered": 0.0, "percent_statements_covered_display": "0"}, "missing_lines": [166, 167, 168, 169, 170, 171, 172], "excluded_lines": [], "start_line": 165}, "_get_int": {"executed_lines": [176, 177, 178, 179, 180], "summary": {"covered_lines": 5, "num_statements": 5, "percent_covered": 100.0, "percent_covered_display": "100", "missing_lines": 0, "excluded_lines": 0, "percent_statements_covered": 100.0, "percent_statements_covered_display": "100"}, "missing_lines": [], "excluded_lines": [], "start_line": 175}, "_get_list": {"executed_lines": [184, 185, 186, 187, 188], "summary": {"covered_lines": 5, "num_statements": 5, "percent_covered": 100.0, "percent_covered_display": "100", "missing_lines": 0, "excluded_lines": 0, "percent_statements_covered": 100.0, "percent_statements_covered_display": "100"}, "missing_lines": [], "excluded_lines": [], "start_line": 183}, "_avg": {"executed_lines": [192], "summary": {"covered_lines": 1, "num_statements": 1, "percent_covered": 100.0, "percent_covered_display": "100", "missing_lines": 0, "excluded_lines": 0, "percent_statements_covered": 100.0, "percent_statements_covered_display": "100"}, "missing_lines": [], "excluded_lines": [], "start_line": 191}, "_score_to_grade": {"executed_lines": [196, 197, 198, 199, 200, 201, 202, 203, 204], "summary": {"covered_lines": 9, "num_statements": 9, "percent_covered": 100.0, "percent_covered_display": "100", "missing_lines": 0, "excluded_lines": 0, "percent_statements_covered": 100.0, "percent_statements_covered_display": "100"}, "missing_lines": [], "excluded_lines": [], "start_line": 195}, "_get_top_commands": {"executed_lines": [208, 225, 226, 227, 228, 229, 230, 231, 232, 233, 234], "summary": {"covered_lines": 11, "num_statements": 11, "percent_covered": 100.0, "percent_covered_display": "100", "missing_lines": 0, "excluded_lines": 0, "percent_statements_covered": 100.0, "percent_statements_covered_display": "100"}, "missing_lines": [], "excluded_lines": [], "start_line": 207}, "_get_total_actions": {"executed_lines": [238, 239], "summary": {"covered_lines": 2, "num_statements": 2, "percent_covered": 100.0, "percent_covered_display": "100", "missing_lines": 0, "excluded_lines": 0, "percent_statements_covered": 100.0, "percent_statements_covered_display": "100"}, "missing_lines": [], "excluded_lines": [], "start_line": 237}, "": {"executed_lines": [11, 12, 13, 15, 18, 23, 28, 34, 38, 51, 54, 89, 146, 150, 156, 165, 175, 183, 191, 195, 207, 237], "summary": {"covered_lines": 22, "num_statements": 22, "percent_covered": 100.0, "percent_covered_display": "100", "missing_lines": 0, "excluded_lines": 0, "percent_statements_covered": 100.0, "percent_statements_covered_display": "100"}, "missing_lines": [], "excluded_lines": [], "start_line": 1}}, "classes": {"": {"executed_lines": [11, 12, 13, 15, 18, 19, 20, 23, 24, 25, 28, 29, 30, 31, 34, 35, 38, 47, 51, 54, 55, 56, 58, 59, 60, 61, 62, 63, 65, 89, 90, 91, 92, 93, 94, 96, 97, 99, 102, 108, 113, 146, 147, 150, 151, 152, 153, 156, 157, 158, 159, 160, 165, 175, 176, 177, 178, 179, 180, 183, 184, 185, 186, 187, 188, 191, 192, 195, 196, 197, 198, 199, 200, 201, 202, 203, 204, 207, 208, 225, 226, 227, 228, 229, 230, 231, 232, 233, 234, 237, 238, 239], "summary": {"covered_lines": 92, "num_statements": 101, "percent_covered": 91.08910891089108, "percent_covered_display": "91", "missing_lines": 9, "excluded_lines": 0, "percent_statements_covered": 91.08910891089108, "percent_statements_covered_display": "91"}, "missing_lines": [161, 162, 166, 167, 168, 169, 170, 171, 172], "excluded_lines": [], "start_line": 1}}}, "app/core/authorization.py": {"executed_lines": [21, 22, 23, 24, 26, 30, 31, 32, 35, 42, 47, 50, 68, 70, 72, 73, 75, 76, 77, 78, 79, 81, 82, 83, 87, 88, 89, 90, 92, 95, 101, 102, 103, 104, 105, 106, 107, 108, 110, 111, 112, 113, 115, 118, 123, 144, 147, 148, 149, 154, 156, 157, 158, 160, 163, 164, 177, 178, 186, 187, 190, 200, 201, 202, 203, 204, 205, 206, 207, 210, 212, 213, 215, 220], "summary": {"covered_lines": 74, "num_statements": 79, "percent_covered": 93.67088607594937, "percent_covered_display": "94", "missing_lines": 5, "excluded_lines": 0, "percent_statements_covered": 93.67088607594937, "percent_statements_covered_display": "94"}, "missing_lines": [120, 214, 216, 217, 218], "excluded_lines": [], "functions": {"get_user_permission": {"executed_lines": [68, 70, 72, 73, 75, 76, 77, 78, 79, 81, 82, 83, 87, 88, 89, 90, 92, 95, 101, 102, 103, 104, 105, 106, 107, 108, 110, 111, 112, 113, 115], "summary": {"covered_lines": 31, "num_statements": 31, "percent_covered": 100.0, "percent_covered_display": "100", "missing_lines": 0, "excluded_lines": 0, "percent_statements_covered": 100.0, "percent_statements_covered_display": "100"}, "missing_lines": [], "excluded_lines": [], "start_line": 50}, "is_maintainer": {"executed_lines": [], "summary": {"covered_lines": 0, "num_statements": 1, "percent_covered": 0.0, "percent_covered_display": "0", "missing_lines": 1, "excluded_lines": 0, "percent_statements_covered": 0.0, "percent_statements_covered_display": "0"}, "missing_lines": [120], "excluded_lines": [], "start_line": 118}, "check_command_permission": {"executed_lines": [144, 147, 148, 149, 154, 156, 157, 158, 160, 163, 164, 177, 178], "summary": {"covered_lines": 13, "num_statements": 13, "percent_covered": 100.0, "percent_covered_display": "100", "missing_lines": 0, "excluded_lines": 0, "percent_statements_covered": 100.0, "percent_statements_covered_display": "100"}, "missing_lines": [], "excluded_lines": [], "start_line": 123}, "_prune_perm_cache": {"executed_lines": [200, 201, 202, 203, 204, 205, 206, 207], "summary": {"covered_lines": 8, "num_statements": 8, "percent_covered": 100.0, "percent_covered_display": "100", "missing_lines": 0, "excluded_lines": 0, "percent_statements_covered": 100.0, "percent_statements_covered_display": "100"}, "missing_lines": [], "excluded_lines": [], "start_line": 190}, "invalidate_permission_cache": {"executed_lines": [212, 213, 215, 220], "summary": {"covered_lines": 4, "num_statements": 8, "percent_covered": 50.0, "percent_covered_display": "50", "missing_lines": 4, "excluded_lines": 0, "percent_statements_covered": 50.0, "percent_statements_covered_display": "50"}, "missing_lines": [214, 216, 217, 218], "excluded_lines": [], "start_line": 210}, "": {"executed_lines": [21, 22, 23, 24, 26, 30, 31, 32, 35, 42, 47, 50, 118, 123, 186, 187, 190, 210], "summary": {"covered_lines": 18, "num_statements": 18, "percent_covered": 100.0, "percent_covered_display": "100", "missing_lines": 0, "excluded_lines": 0, "percent_statements_covered": 100.0, "percent_statements_covered_display": "100"}, "missing_lines": [], "excluded_lines": [], "start_line": 1}}, "classes": {"": {"executed_lines": [21, 22, 23, 24, 26, 30, 31, 32, 35, 42, 47, 50, 68, 70, 72, 73, 75, 76, 77, 78, 79, 81, 82, 83, 87, 88, 89, 90, 92, 95, 101, 102, 103, 104, 105, 106, 107, 108, 110, 111, 112, 113, 115, 118, 123, 144, 147, 148, 149, 154, 156, 157, 158, 160, 163, 164, 177, 178, 186, 187, 190, 200, 201, 202, 203, 204, 205, 206, 207, 210, 212, 213, 215, 220], "summary": {"covered_lines": 74, "num_statements": 79, "percent_covered": 93.67088607594937, "percent_covered_display": "94", "missing_lines": 5, "excluded_lines": 0, "pe
[...]
_covered_display": "81"}, "missing_lines": [270, 271, 275, 276], "excluded_lines": [], "start_line": 249}, "scan_requirements": {"executed_lines": [306, 308, 310, 311, 312, 313, 314, 315, 316, 317, 322, 323, 324], "summary": {"covered_lines": 13, "num_statements": 13, "percent_covered": 100.0, "percent_covered_display": "100", "missing_lines": 0, "excluded_lines": 0, "percent_statements_covered": 100.0, "percent_statements_covered_display": "100"}, "missing_lines": [], "excluded_lines": [], "start_line": 297}, "format_findings": {"executed_lines": [328, 329, 331, 337, 338, 339, 341, 344], "summary": {"covered_lines": 8, "num_statements": 8, "percent_covered": 100.0, "percent_covered_display": "100", "missing_lines": 0, "excluded_lines": 0, "percent_statements_covered": 100.0, "percent_statements_covered_display": "100"}, "missing_lines": [], "excluded_lines": [], "start_line": 327}, "": {"executed_lines": [29, 31, 33, 35, 37, 41, 65, 93, 94, 95, 97, 100, 113, 132, 163, 176, 208, 221, 249, 293, 294, 297, 327], "summary": {"covered_lines": 23, "num_statements": 23, "percent_covered": 100.0, "percent_covered_display": "100", "missing_lines": 0, "excluded_lines": 0, "percent_statements_covered": 100.0, "percent_statements_covered_display": "100"}, "missing_lines": [], "excluded_lines": [], "start_line": 1}}, "classes": {"": {"executed_lines": [29, 31, 33, 35, 37, 41, 65, 93, 94, 95, 97, 100, 102, 103, 104, 105, 106, 108, 109, 110, 113, 115, 116, 117, 118, 119, 120, 121, 123, 124, 125, 132, 141, 142, 143, 144, 146, 147, 148, 149, 150, 151, 152, 153, 154, 155, 157, 159, 160, 163, 165, 166, 167, 168, 169, 170, 172, 173, 176, 190, 193, 195, 196, 197, 198, 200, 201, 202, 203, 205, 208, 210, 211, 212, 214, 216, 217, 218, 221, 228, 229, 230, 232, 233, 234, 235, 236, 238, 239, 241, 242, 244, 246, 249, 263, 264, 265, 266, 267, 268, 269, 273, 274, 278, 279, 280, 281, 283, 284, 285, 286, 293, 294, 297, 306, 308, 310, 311, 312, 313, 314, 315, 316, 317, 322, 323, 324, 327, 328, 329, 331, 337, 338, 339, 341, 344], "summary": {"covered_lines": 136, "num_statements": 148, "percent_covered": 91.89189189189189, "percent_covered_display": "92", "missing_lines": 12, "excluded_lines": 0, "percent_statements_covered": 91.89189189189189, "percent_statements_covered_display": "92"}, "missing_lines": [126, 127, 128, 129, 171, 191, 213, 245, 270, 271, 275, 276], "excluded_lines": [], "start_line": 1}}}, "app/security/scanner.py": {"executed_lines": [19, 20, 22, 25, 26, 27, 28, 29, 30, 31, 32, 33, 34, 35, 37, 38, 39, 42, 43, 44, 45, 46, 47, 48, 50, 51, 52, 53, 55, 56, 57, 59, 60, 61, 63, 64, 65, 67, 68, 69, 76, 78, 79, 80, 81, 82, 83, 84, 85, 87, 90, 91, 93, 98, 99, 100, 101, 102, 104, 105, 106, 107, 108, 109, 115, 116, 117, 119, 120, 121, 122, 124, 130, 131, 133, 134, 135, 136, 138, 139, 141, 142, 143, 146, 147, 148, 149, 150, 152, 155, 158, 159, 161, 163, 164, 165, 166, 167, 169, 170, 171, 173, 174, 176, 178, 179, 181, 184, 185, 186, 188, 189, 190, 191, 192, 193, 194, 195, 196, 197, 198, 200, 211, 212, 213, 214, 215, 218, 221, 222, 223, 225, 226, 227, 228, 229, 230, 231, 232, 233, 234, 235, 236, 238, 249, 250, 251, 252, 253, 256, 259, 260, 261, 263, 264, 265, 266, 267, 276, 277, 278, 279, 280, 283], "summary": {"covered_lines": 164, "num_statements": 168, "percent_covered": 97.61904761904762, "percent_covered_display": "98", "missing_lines": 4, "excluded_lines": 0, "percent_statements_covered": 97.61904761904762, "percent_statements_covered_display": "98"}, "missing_lines": [123, 217, 255, 282], "excluded_lines": [], "functions": {"SecurityFinding.severity_rank": {"executed_lines": [39], "summary": {"covered_lines": 1, "num_statements": 1, "percent_covered": 100.0, "percent_covered_display": "100", "missing_lines": 0, "excluded_lines": 0, "percent_statements_covered": 100.0, "percent_statements_covered_display": "100"}, "missing_lines": [], "excluded_lines": [], "start_line": 38}, "SecurityReport.all_findings": {"executed_lines": [52, 53], "summary": {"covered_lines": 2, "num_statements": 2, "percent_covered": 100.0, "percent_covered_display": "100", "missing_lines": 0, "excluded_lines": 0, "percent_statements_covered": 100.0, "percent_statements_covered_display": "100"}, "missing_lines": [], "excluded_lines": [], "start_line": 51}, "SecurityReport.critical_count": {"executed_lines": [57], "summary": {"covered_lines": 1, "num_statements": 1, "percent_covered": 100.0, "percent_covered_display": "100", "missing_lines": 0, "excluded_lines": 0, "percent_statements_covered": 100.0, "percent_statements_covered_display": "100"}, "missing_lines": [], "excluded_lines": [], "start_line": 56}, "SecurityReport.high_count": {"executed_lines": [61], "summary": {"covered_lines": 1, "num_statements": 1, "percent_covered": 100.0, "percent_covered_display": "100", "missing_lines": 0, "excluded_lines": 0, "percent_statements_covered": 100.0, "percent_statements_covered_display": "100"}, "missing_lines": [], "excluded_lines": [], "start_line": 60}, "SecurityReport.total_count": {"executed_lines": [65], "summary": {"covered_lines": 1, "num_statements": 1, "percent_covered": 100.0, "percent_covered_display": "100", "missing_lines": 0, "excluded_lines": 0, "percent_statements_covered": 100.0, "percent_statements_covered_display": "100"}, "missing_lines": [], "excluded_lines": [], "start_line": 64}, "SecurityReport.to_markdown": {"executed_lines": [68, 69, 76, 78, 79, 80, 81, 82, 83, 84, 85, 87, 90, 91, 93, 98, 99, 100, 101, 102, 104, 105, 106, 107, 108, 109, 115, 116, 117, 119, 120, 121, 122, 124, 130, 131, 133, 134, 135, 136, 138, 139, 141, 142, 143], "summary": {"covered_lines": 45, "num_statements": 46, "percent_covered": 97.82608695652173, "percent_covered_display": "98", "missing_lines": 1, "excluded_lines": 0, "percent_statements_covered": 97.82608695652173, "percent_statements_covered_display": "98"}, "missing_lines": [123], "excluded_lines": [], "start_line": 67}, "run_security_scan": {"executed_lines": [147, 148, 149, 150, 152, 155], "summary": {"covered_lines": 6, "num_statements": 6, "percent_covered": 100.0, "percent_covered_display": "100", "missing_lines": 0, "excluded_lines": 0, "percent_statements_covered": 100.0, "percent_statements_covered_display": "100"}, "missing_lines": [], "excluded_lines": [], "start_line": 146}, "run_pr_security_scan": {"executed_lines": [159, 161, 163, 164, 165, 166, 167, 169, 170, 171, 173, 174, 176, 178, 179, 181], "summary": {"covered_lines": 16, "num_statements": 16, "percent_covered": 100.0, "percent_covered_display": "100", "missing_lines": 0, "excluded_lines": 0, "percent_statements_covered": 100.0, "percent_statements_covered_display": "100"}, "missing_lines": [], "excluded_lines": [], "start_line": 158}, "_scan_dependabot": {"executed_lines": [185, 186, 188, 189, 190, 191, 192, 193, 194, 195, 196, 197, 198, 200, 211, 212, 213, 214, 215, 218], "summary": {"covered_lines": 20, "num_statements": 21, "percent_covered": 95.23809523809524, "percent_covered_display": "95", "missing_lines": 1, "excluded_lines": 0, "percent_statements_covered": 95.23809523809524, "percent_statements_covered_display": "95"}, "missing_lines": [217], "excluded_lines": [], "start_line": 184}, "_scan_codeql": {"executed_lines": [222, 223, 225, 226, 227, 228, 229, 230, 231, 232, 233, 234, 235, 236, 238, 249, 250, 251, 252, 253, 256], "summary": {"covered_lines": 21, "num_statements": 22, "percent_covered": 95.45454545454545, "percent_covered_display": "95", "missing_lines": 1, "excluded_lines": 0, "percent_statements_covered": 95.45454545454545, "percent_statements_covered_display": "95"}, "missing_lines": [255], "excluded_lines": [], "start_line": 221}, "_scan_secrets": {"executed_lines": [260, 261, 263, 264, 265, 266, 267, 276, 277, 278, 279, 280, 283], "summary": {"covered_lines": 13, "num_statements": 14, "percent_covered": 92.85714285714286, "percent_covered_display": "93", "missing_lines": 1, "excluded_lines": 0, "percent_statements_covered": 92.85714285714286, "percent_statements_covered_display": "93"}, "missing_lines": [282], "excluded_lines": [], "start_line": 259}, "": {"executed_lines": [19, 20, 22, 25, 26, 27, 28, 29, 30, 31, 32, 33, 34, 35, 37, 38, 42, 43, 44, 45, 46, 47, 48, 50, 51, 55, 56, 59, 60, 63, 64, 67, 146, 158, 184, 221, 259], "summary": {"covered_lines": 37, "num_statements": 37, "percent_covered": 100.0, "percent_covered_display": "100", "missing_lines": 0, "excluded_lines": 0, "percent_statements_covered": 100.0, "percent_statements_covered_display": "100"}, "missing_lines": [], "excluded_lines": [], "start_line": 1}}, "classes": {"SecurityFinding": {"executed_lines": [39], "summary": {"covered_lines": 1, "num_statements": 1, "percent_covered": 100.0, "percent_covered_display": "100", "missing_lines": 0, "excluded_lines": 0, "percent_statements_covered": 100.0, "percent_statements_covered_display": "100"}, "missing_lines": [], "excluded_lines": [], "start_line": 26}, "SecurityReport": {"executed_lines": [52, 53, 57, 61, 65, 68, 69, 76, 78, 79, 80, 81, 82, 83, 84, 85, 87, 90, 91, 93, 98, 99, 100, 101, 102, 104, 105, 106, 107, 108, 109, 115, 116, 117, 119, 120, 121, 122, 124, 130, 131, 133, 134, 135, 136, 138, 139, 141, 142, 143], "summary": {"covered_lines": 50, "num_statements": 51, "percent_covered": 98.03921568627452, "percent_covered_display": "98", "missing_lines": 1, "excluded_lines": 0, "percent_statements_covered": 98.03921568627452, "percent_statements_covered_display": "98"}, "missing_lines": [123], "excluded_lines": [], "start_line": 43}, "": {"executed_lines": [19, 20, 22, 25, 26, 27, 28, 29, 30, 31, 32, 33, 34, 35, 37, 38, 42, 43, 44, 45, 46, 47, 48, 50, 51, 55, 56, 59, 60, 63, 64, 67, 146, 147, 148, 149, 150, 152, 155, 158, 159, 161, 163, 164, 165, 166, 167, 169, 170, 171, 173, 174, 176, 178, 179, 181, 184, 185, 186, 188, 189, 190, 191, 192, 193, 194, 195, 196, 197, 198, 200, 211, 212, 213, 214, 215, 218, 221, 222, 223, 225, 226, 227, 228, 229, 230, 231, 232, 233, 234, 235, 236, 238, 249, 250, 251, 252, 253, 256, 259, 260, 261, 263, 264, 265, 266, 267, 276, 277, 278, 279, 280, 283], "summary": {"covered_lines": 113, "num_statements": 116, "percent_covered": 97.41379310344827, "percent_covered_display": "97", "missing_lines": 3, "excluded_lines": 0, "percent_statements_covered": 97.41379310344827, "percent_statements_covered_display": "97"}, "missing_lines": [217, 255, 282], "excluded_lines": [], "start_line": 1}}}, "app/setup_flow.py": {"executed_lines": [34, 36, 37, 38, 39, 40, 42, 44, 45, 48, 50, 53, 61, 80, 82, 83, 84, 85, 86, 89, 91, 92, 93, 94, 95, 98, 100, 101, 102, 103, 107, 146, 174, 176, 177, 178, 179, 180, 181], "summary": {"covered_lines": 39, "num_statements": 50, "percent_covered": 78.0, "percent_covered_display": "78", "missing_lines": 11, "excluded_lines": 0, "percent_statements_covered": 78.0, "percent_statements_covered_display": "78"}, "missing_lines": [153, 155, 156, 161, 162, 163, 164, 168, 169, 170, 171], "excluded_lines": [], "functions": {"_public_url": {"executed_lines": [50], "summary": {"covered_lines": 1, "num_statements": 1, "percent_covered": 100.0, "percent_covered_display": "100", "missing_lines": 0, "excluded_lines": 0, "percent_statements_covered": 100.0, "percent_statements_covered_display": "100"}, "missing_lines": [], "excluded_lines": [], "start_line": 48}, "build_manifest": {"executed_lines": [61], "summary": {"covered_lines": 1, "num_statements": 1, "percent_covered": 100.0, "percent_covered_display": "100", "missing_lines": 0, "excluded_lines": 0, "percent_statements_covered": 100.0, "percent_statements_covered_display": "100"}, "missing_lines": [], "excluded_lines": [], "start_line": 53}, "new_state": {"executed_lines": [82, 83, 84, 85, 86], "summary": {"covered_lines": 5, "num_statements": 5, "percent_covered": 100.0, "percent_covered_display": "100", "missing_lines": 0, "excluded_lines": 0, "percent_statements_covered": 100.0, "percent_statements_covered_display": "100"}, "missing_lines": [], "excluded_lines": [], "start_line": 80}, "consume_state": {"executed_lines": [91, 92, 93, 94, 95], "summary": {"covered_lines": 5, "num_statements": 5, "percent_covered": 100.0, "percent_covered_display": "100", "missing_lines": 0, "excluded_lines": 0, "percent_statements_covered": 100.0, "percent_statements_covered_display": "100"}, "missing_lines": [], "excluded_lines": [], "start_line": 89}, "setup_page": {"executed_lines": [100, 101, 102, 103, 107], "summary": {"covered_lines": 5, "num_statements": 5, "percent_covered": 100.0, "percent_covered_display": "100", "missing_lines": 0, "excluded_lines": 0, "percent_statements_covered": 100.0, "percent_statements_covered_display": "100"}, "missing_lines": [], "excluded_lines": [], "start_line": 98}, "exchange_code": {"executed_lines": [], "summary": {"covered_lines": 0, "num_statements": 11, "percent_covered": 0.0, "percent_covered_display": "0", "missing_lines": 11, "excluded_lines": 0, "percent_statements_covered": 0.0, "percent_statements_covered_display": "0"}, "missing_lines": [153, 155, 156, 161, 162, 163, 164, 168, 169, 170, 171], "excluded_lines": [], "start_line": 146}, "credentials_page": {"executed_lines": [176, 177, 178, 179, 180, 181], "summary": {"covered_lines": 6, "num_statements": 6, "percent_covered": 100.0, "percent_covered_display": "100", "missing_lines": 0, "excluded_lines": 0, "percent_statements_covered": 100.0, "percent_statements_covered_display": "100"}, "missing_lines": [], "excluded_lines": [], "start_line": 174}, "": {"executed_lines": [34, 36, 37, 38, 39, 40, 42, 44, 45, 48, 53, 80, 89, 98, 146, 174], "summary": {"covered_lines": 16, "num_statements": 16, "percent_covered": 100.0, "percent_covered_display": "100", "missing_lines": 0, "excluded_lines": 0, "percent_statements_covered": 100.0, "percent_statements_covered_display": "100"}, "missing_lines": [], "excluded_lines": [], "start_line": 1}}, "classes": {"": {"executed_lines": [34, 36, 37, 38, 39, 40, 42, 44, 45, 48, 50, 53, 61, 80, 82, 83, 84, 85, 86, 89, 91, 92, 93, 94, 95, 98, 100, 101, 102, 103, 107, 146, 174, 176, 177, 178, 179, 180, 181], "summary": {"covered_lines": 39, "num_statements": 50, "percent_covered": 78.0, "percent_covered_display": "78", "missing_lines": 11, "excluded_lines": 0, "percent_statements_covered": 78.0, "percent_statements_covered_display": "78"}, "missing_lines": [153, 155, 156, 161, 162, 163, 164, 168, 169, 170, 171], "excluded_lines": [], "start_line": 1}}}, "github_autopilot/cli.py": {"executed_lines": [18, 19, 20, 23, 55, 119, 168, 183, 208, 224, 225, 227, 231, 233, 234, 237, 238, 239, 240, 241, 244, 245, 248, 249, 252, 253, 256, 257, 258, 260], "summary": {"covered_lines": 30, "num_statements": 134, "percent_covered": 22.388059701492537, "percent_covered_display": "22", "missing_lines": 104, "excluded_lines": 2, "percent_statements_covered": 22.388059701492537, "percent_statements_covered_display": "22"}, "missing_lines": [25, 26, 27, 29, 31, 44, 57, 65, 67, 68, 69, 70, 71, 72, 73, 74, 75, 76, 77, 78, 80, 81, 82, 83, 84, 85, 86, 87, 89, 90, 91, 93, 94, 95, 96, 97, 98, 99, 102, 103, 104, 106, 121, 127, 130, 131, 132, 133, 134, 135, 137, 138, 139, 140, 141, 143, 144, 147, 148, 149, 150, 151, 152, 153, 154, 157, 158, 159, 160, 161, 162, 163, 165, 170, 171, 185, 186, 187, 188, 189, 190, 191, 192, 193, 194, 195, 196, 197, 198, 199, 201, 202, 203, 204, 205, 209, 215, 216, 217, 218, 219, 220, 221, 261], "excluded_lines": [264, 265], "functions": {"cmd_start": {"executed_lines": [], "summary": {"covered_lines": 0, "num_statements": 6, "percent_covered": 0.0, "percent_covered_display": "0", "missing_lines": 6, "excluded_lines": 0, "percent_statements_covered": 0.0, "percent_statements_covered_display": "0"}, "missing_lines": [25, 26, 27, 29, 31, 44], "excluded_lines": [], "start_line": 23}, "cmd_setup": {"executed_lines": [], "summary": {"covered_lines": 0, "num_statements": 36, "percent_covered": 0.0, "percent_covered_display": "0", "missing_lines": 36, "excluded_lines": 0, "percent_statements_covered": 0.0, "percent_statements_covered_display": "0"}, "missing_lines": [57, 65, 67, 68, 69, 70, 71, 72, 73, 74, 75, 76, 77, 78, 80, 81, 82, 83, 84, 85, 86, 87, 89, 90, 91, 93, 94, 95, 96, 97, 98, 99, 102, 103, 104, 106], "excluded_lines": [], "start_line": 55}, "cmd_health": {"executed_lines": [], "summary": {"covered_lines": 0, "num_statements": 31, "percent_covered": 0.0, "percent_covered_display": "0", "missing_lines": 31, "excluded_lines": 0, "percent_statements_covered": 0.0, "percent_statements_covered_display": "0"}, "missing_lines": [121, 127, 130, 131, 132, 133, 134, 135, 137, 138, 139, 140, 141, 143, 144, 147, 148, 149, 150, 151, 152, 153, 154, 157, 158, 159, 160, 161, 162, 163, 165], "excluded_lines": [], "start_line": 119}, "cmd_version": {"executed_lines": [], "summary": {"covered_lines": 0, "num_statements": 2, "percent_covered": 0.0, "percent_covered_display": "0", "missing_lines": 2, "excluded_lines": 0, "percent_statements_covered": 0.0, "percent_statements_covered_display": "0"}, "missing_lines": [170, 171], "excluded_lines": [], "start_line": 168}, "cmd_test_webhook": {"executed_lines": [], "summary": {"covered_lines": 0, "num_statements": 20, "percent_covered": 0.0, "percent_covered_display": "0", "missing_lines": 20, "excluded_lines": 0, "percent_statements_covered": 0.0, "percent_statements_covered_display": "0"}, "missing_lines": [185, 186, 187, 188, 189, 190, 191, 192, 193, 194, 195, 196, 197, 198, 199, 201, 202, 203, 204, 205], "excluded_lines": [], "start_line": 183}, "_check_required_env": {"executed_lines": [], "summary": {"covered_lines": 0, "num_statements": 8, "percent_covered": 0.0, "percent_covered_display": "0", "missing_lines": 8, "excluded_lines": 0, "percent_statements_covered": 0.0, "percent_statements_covered_display": "0"}, "missing_lines": [209, 215, 216, 217, 218, 219, 220, 221], "excluded_lines": [], "start_line": 208}, "main": {"executed_lines": [225, 227, 231, 233, 234, 237, 238, 239, 240, 241, 244, 245, 248, 249, 252, 253, 256, 257, 258, 260], "summary": {"covered_lines": 20, "num_statements": 21, "percent_covered": 95.23809523809524, "percent_covered_display": "95", "missing_lines": 1, "excluded_lines": 0, "percent_statements_covered": 95.23809523809524, "percent_statements_covered_display": "95"}, "missing_lines": [261], "excluded_lines": [], "start_line": 224}, "": {"executed_lines": [18, 19, 20, 23, 55, 119, 168, 183, 208, 224], "summary": {"covered_lines": 10, "num_statements": 10, "percent_covered": 100.0, "percent_covered_display": "100", "missing_lines": 0, "excluded_lines": 2, "percent_statements_covered": 100.0, "percent_statements_covered_display": "100"}, "missing_lines": [], "excluded_lines": [264, 265], "start_line": 1}}, "classes": {"": {"executed_lines": [18, 19, 20, 23, 55, 119, 168, 183, 208, 224, 225, 227, 231, 233, 234, 237, 238, 239, 240, 241, 244, 245, 248, 249, 252, 253, 256, 257, 258, 260], "summary": {"covered_lines": 30, "num_statements": 134, "percent_covered": 22.388059701492537, "percent_covered_display": "22", "missing_lines": 104, "excluded_lines": 2, "percent_statements_covered": 22.388059701492537, "percent_statements_covered_display": "22"}, "missing_lines": [25, 26, 27, 29, 31, 44, 57, 65, 67, 68, 69, 70, 71, 72, 73, 74, 75, 76, 77, 78, 80, 81, 82, 83, 84, 85, 86, 87, 89, 90, 91, 93, 94, 95, 96, 97, 98, 99, 102, 103, 104, 106, 121, 127, 130, 131, 132, 133, 134, 135, 137, 138, 139, 140, 141, 143, 144, 147, 148, 149, 150, 151, 152, 153, 154, 157, 158, 159, 160, 161, 162, 163, 165, 170, 171, 185, 186, 187, 188, 189, 190, 191, 192, 193, 194, 195, 196, 197, 198, 199, 201, 202, 203, 204, 205, 209, 215, 216, 217, 218, 219, 220, 221, 261], "excluded_lines": [264, 265], "start_line": 1}}}}, "totals": {"covered_lines": 6377, "num_statements": 7600, "percent_covered": 83.90789473684211, "percent_covered_display": "84", "missing_lines": 1223, "excluded_lines": 8, "percent_statements_covered": 83.90789473684211, "percent_statements_covered_display": "84"}}